   1              		.file	"callwrap.c"
   2              		.text
   3              	.Ltext0:
   4              		.file 0 "D:/3dos/bin" "D:/3dos/bin/gnu-efi-3.0.6/lib/x86_64/callwrap.c"
   5              	.Letext0:
   6              		.section	.debug_info,"dr"
   7              	.Ldebug_info0:
   8 0000 1E010000 		.long	0x11e
   9 0004 0500     		.word	0x5
  10 0006 01       		.byte	0x1
  11 0007 08       		.byte	0x8
  12 0008 00000000 		.secrel32	.Ldebug_abbrev0
  13 000c 01       		.uleb128 0x1
  14 000d 474E5520 		.ascii "GNU C11 12.1.0 -mno-stack-arg-probe -m64 -mno-red-zone -maccumulate-outgoing-args -mtune=g
  14      43313120 
  14      31322E31 
  14      2E30202D 
  14      6D6E6F2D 
  15 0111 1D       		.byte	0x1d
  16 0112 0C000000 		.secrel32	.LASF0
  17 0116 00000000 		.secrel32	.LASF1
  18 011a 00000000 		.secrel32	.Ldebug_line0
  19 011e 00000000 		.secrel32	.Ldebug_macro0
  20              		.section	.debug_abbrev,"dr"
  21              	.Ldebug_abbrev0:
  22 0000 01       		.uleb128 0x1
  23 0001 11       		.uleb128 0x11
  24 0002 00       		.byte	0
  25 0003 25       		.uleb128 0x25
  26 0004 08       		.uleb128 0x8
  27 0005 13       		.uleb128 0x13
  28 0006 0B       		.uleb128 0xb
  29 0007 03       		.uleb128 0x3
  30 0008 1F       		.uleb128 0x1f
  31 0009 1B       		.uleb128 0x1b
  32 000a 1F       		.uleb128 0x1f
  33 000b 10       		.uleb128 0x10
  34 000c 17       		.uleb128 0x17
  35 000d 79       		.uleb128 0x79
  36 000e 17       		.uleb128 0x17
  37 000f 00       		.byte	0
  38 0010 00       		.byte	0
  39 0011 00       		.byte	0
  40              		.section	.debug_aranges,"dr"
  41 0000 1C000000 		.long	0x1c
  42 0004 0200     		.word	0x2
  43 0006 00000000 		.secrel32	.Ldebug_info0
  44 000a 08       		.byte	0x8
  45 000b 00       		.byte	0
  46 000c 0000     		.word	0
  47 000e 0000     		.word	0
  48 0010 00000000 		.quad	0
  48      00000000 
  49 0018 00000000 		.quad	0
  49      00000000 
  50              		.section	.debug_macro,"dr"
  51              	.Ldebug_macro0:
  52 0000 0500     		.word	0x5
  53 0002 02       		.byte	0x2
  54 0003 00000000 		.secrel32	.Ldebug_line0
  55 0007 01       		.byte	0x1
  56 0008 00       		.uleb128 0
  57 0009 5F5F5354 		.ascii "__STDC__ 1\0"
  57      44435F5F 
  57      203100
  58 0014 01       		.byte	0x1
  59 0015 00       		.uleb128 0
  60 0016 5F5F5354 		.ascii "__STDC_VERSION__ 201112L\0"
  60      44435F56 
  60      45525349 
  60      4F4E5F5F 
  60      20323031 
  61 002f 01       		.byte	0x1
  62 0030 00       		.uleb128 0
  63 0031 5F5F5354 		.ascii "__STDC_UTF_16__ 1\0"
  63      44435F55 
  63      54465F31 
  63      365F5F20 
  63      3100
  64 0043 01       		.byte	0x1
  65 0044 00       		.uleb128 0
  66 0045 5F5F5354 		.ascii "__STDC_UTF_32__ 1\0"
  66      44435F55 
  66      54465F33 
  66      325F5F20 
  66      3100
  67 0057 01       		.byte	0x1
  68 0058 00       		.uleb128 0
  69 0059 5F5F5354 		.ascii "__STDC_HOSTED__ 0\0"
  69      44435F48 
  69      4F535445 
  69      445F5F20 
  69      3000
  70 006b 01       		.byte	0x1
  71 006c 00       		.uleb128 0
  72 006d 5F5F474E 		.ascii "__GNUC__ 12\0"
  72      55435F5F 
  72      20313200 
  73 0079 01       		.byte	0x1
  74 007a 00       		.uleb128 0
  75 007b 5F5F474E 		.ascii "__GNUC_MINOR__ 1\0"
  75      55435F4D 
  75      494E4F52 
  75      5F5F2031 
  75      00
  76 008c 01       		.byte	0x1
  77 008d 00       		.uleb128 0
  78 008e 5F5F474E 		.ascii "__GNUC_PATCHLEVEL__ 0\0"
  78      55435F50 
  78      41544348 
  78      4C455645 
  78      4C5F5F20 
  79 00a4 01       		.byte	0x1
  80 00a5 00       		.uleb128 0
  81 00a6 5F5F5645 		.ascii "__VERSION__ \"12.1.0\"\0"
  81      5253494F 
  81      4E5F5F20 
  81      2231322E 
  81      312E3022 
  82 00bb 01       		.byte	0x1
  83 00bc 00       		.uleb128 0
  84 00bd 5F5F4154 		.ascii "__ATOMIC_RELAXED 0\0"
  84      4F4D4943 
  84      5F52454C 
  84      41584544 
  84      203000
  85 00d0 01       		.byte	0x1
  86 00d1 00       		.uleb128 0
  87 00d2 5F5F4154 		.ascii "__ATOMIC_SEQ_CST 5\0"
  87      4F4D4943 
  87      5F534551 
  87      5F435354 
  87      203500
  88 00e5 01       		.byte	0x1
  89 00e6 00       		.uleb128 0
  90 00e7 5F5F4154 		.ascii "__ATOMIC_ACQUIRE 2\0"
  90      4F4D4943 
  90      5F414351 
  90      55495245 
  90      203200
  91 00fa 01       		.byte	0x1
  92 00fb 00       		.uleb128 0
  93 00fc 5F5F4154 		.ascii "__ATOMIC_RELEASE 3\0"
  93      4F4D4943 
  93      5F52454C 
  93      45415345 
  93      203300
  94 010f 01       		.byte	0x1
  95 0110 00       		.uleb128 0
  96 0111 5F5F4154 		.ascii "__ATOMIC_ACQ_REL 4\0"
  96      4F4D4943 
  96      5F414351 
  96      5F52454C 
  96      203400
  97 0124 01       		.byte	0x1
  98 0125 00       		.uleb128 0
  99 0126 5F5F4154 		.ascii "__ATOMIC_CONSUME 1\0"
  99      4F4D4943 
  99      5F434F4E 
  99      53554D45 
  99      203100
 100 0139 01       		.byte	0x1
 101 013a 00       		.uleb128 0
 102 013b 5F5F7069 		.ascii "__pic__ 1\0"
 102      635F5F20 
 102      3100
 103 0145 01       		.byte	0x1
 104 0146 00       		.uleb128 0
 105 0147 5F5F5049 		.ascii "__PIC__ 1\0"
 105      435F5F20 
 105      3100
 106 0151 01       		.byte	0x1
 107 0152 00       		.uleb128 0
 108 0153 5F5F4F50 		.ascii "__OPTIMIZE__ 1\0"
 108      54494D49 
 108      5A455F5F 
 108      203100
 109 0162 01       		.byte	0x1
 110 0163 00       		.uleb128 0
 111 0164 5F5F4649 		.ascii "__FINITE_MATH_ONLY__ 0\0"
 111      4E495445 
 111      5F4D4154 
 111      485F4F4E 
 111      4C595F5F 
 112 017b 01       		.byte	0x1
 113 017c 00       		.uleb128 0
 114 017d 5F5F5349 		.ascii "__SIZEOF_INT__ 4\0"
 114      5A454F46 
 114      5F494E54 
 114      5F5F2034 
 114      00
 115 018e 01       		.byte	0x1
 116 018f 00       		.uleb128 0
 117 0190 5F5F5349 		.ascii "__SIZEOF_LONG__ 4\0"
 117      5A454F46 
 117      5F4C4F4E 
 117      475F5F20 
 117      3400
 118 01a2 01       		.byte	0x1
 119 01a3 00       		.uleb128 0
 120 01a4 5F5F5349 		.ascii "__SIZEOF_LONG_LONG__ 8\0"
 120      5A454F46 
 120      5F4C4F4E 
 120      475F4C4F 
 120      4E475F5F 
 121 01bb 01       		.byte	0x1
 122 01bc 00       		.uleb128 0
 123 01bd 5F5F5349 		.ascii "__SIZEOF_SHORT__ 2\0"
 123      5A454F46 
 123      5F53484F 
 123      52545F5F 
 123      203200
 124 01d0 01       		.byte	0x1
 125 01d1 00       		.uleb128 0
 126 01d2 5F5F5349 		.ascii "__SIZEOF_FLOAT__ 4\0"
 126      5A454F46 
 126      5F464C4F 
 126      41545F5F 
 126      203400
 127 01e5 01       		.byte	0x1
 128 01e6 00       		.uleb128 0
 129 01e7 5F5F5349 		.ascii "__SIZEOF_DOUBLE__ 8\0"
 129      5A454F46 
 129      5F444F55 
 129      424C455F 
 129      5F203800 
 130 01fb 01       		.byte	0x1
 131 01fc 00       		.uleb128 0
 132 01fd 5F5F5349 		.ascii "__SIZEOF_LONG_DOUBLE__ 16\0"
 132      5A454F46 
 132      5F4C4F4E 
 132      475F444F 
 132      55424C45 
 133 0217 01       		.byte	0x1
 134 0218 00       		.uleb128 0
 135 0219 5F5F5349 		.ascii "__SIZEOF_SIZE_T__ 8\0"
 135      5A454F46 
 135      5F53495A 
 135      455F545F 
 135      5F203800 
 136 022d 01       		.byte	0x1
 137 022e 00       		.uleb128 0
 138 022f 5F5F4348 		.ascii "__CHAR_BIT__ 8\0"
 138      41525F42 
 138      49545F5F 
 138      203800
 139 023e 01       		.byte	0x1
 140 023f 00       		.uleb128 0
 141 0240 5F5F4249 		.ascii "__BIGGEST_ALIGNMENT__ 16\0"
 141      47474553 
 141      545F414C 
 141      49474E4D 
 141      454E545F 
 142 0259 01       		.byte	0x1
 143 025a 00       		.uleb128 0
 144 025b 5F5F4F52 		.ascii "__ORDER_LITTLE_ENDIAN__ 1234\0"
 144      4445525F 
 144      4C495454 
 144      4C455F45 
 144      4E444941 
 145 0278 01       		.byte	0x1
 146 0279 00       		.uleb128 0
 147 027a 5F5F4F52 		.ascii "__ORDER_BIG_ENDIAN__ 4321\0"
 147      4445525F 
 147      4249475F 
 147      454E4449 
 147      414E5F5F 
 148 0294 01       		.byte	0x1
 149 0295 00       		.uleb128 0
 150 0296 5F5F4F52 		.ascii "__ORDER_PDP_ENDIAN__ 3412\0"
 150      4445525F 
 150      5044505F 
 150      454E4449 
 150      414E5F5F 
 151 02b0 01       		.byte	0x1
 152 02b1 00       		.uleb128 0
 153 02b2 5F5F4259 		.ascii "__BYTE_ORDER__ __ORDER_LITTLE_ENDIAN__\0"
 153      54455F4F 
 153      52444552 
 153      5F5F205F 
 153      5F4F5244 
 154 02d9 01       		.byte	0x1
 155 02da 00       		.uleb128 0
 156 02db 5F5F464C 		.ascii "__FLOAT_WORD_ORDER__ __ORDER_LITTLE_ENDIAN__\0"
 156      4F41545F 
 156      574F5244 
 156      5F4F5244 
 156      45525F5F 
 157 0308 01       		.byte	0x1
 158 0309 00       		.uleb128 0
 159 030a 5F5F5349 		.ascii "__SIZEOF_POINTER__ 8\0"
 159      5A454F46 
 159      5F504F49 
 159      4E544552 
 159      5F5F2038 
 160 031f 01       		.byte	0x1
 161 0320 00       		.uleb128 0
 162 0321 5F5F474E 		.ascii "__GNUC_EXECUTION_CHARSET_NAME \"UTF-8\"\0"
 162      55435F45 
 162      58454355 
 162      54494F4E 
 162      5F434841 
 163 0347 01       		.byte	0x1
 164 0348 00       		.uleb128 0
 165 0349 5F5F474E 		.ascii "__GNUC_WIDE_EXECUTION_CHARSET_NAME \"UTF-16LE\"\0"
 165      55435F57 
 165      4944455F 
 165      45584543 
 165      5554494F 
 166 0377 01       		.byte	0x1
 167 0378 00       		.uleb128 0
 168 0379 5F5F5349 		.ascii "__SIZE_TYPE__ long long unsigned int\0"
 168      5A455F54 
 168      5950455F 
 168      5F206C6F 
 168      6E67206C 
 169 039e 01       		.byte	0x1
 170 039f 00       		.uleb128 0
 171 03a0 5F5F5054 		.ascii "__PTRDIFF_TYPE__ long long int\0"
 171      52444946 
 171      465F5459 
 171      50455F5F 
 171      206C6F6E 
 172 03bf 01       		.byte	0x1
 173 03c0 00       		.uleb128 0
 174 03c1 5F5F5743 		.ascii "__WCHAR_TYPE__ short unsigned int\0"
 174      4841525F 
 174      54595045 
 174      5F5F2073 
 174      686F7274 
 175 03e3 01       		.byte	0x1
 176 03e4 00       		.uleb128 0
 177 03e5 5F5F5749 		.ascii "__WINT_TYPE__ short unsigned int\0"
 177      4E545F54 
 177      5950455F 
 177      5F207368 
 177      6F727420 
 178 0406 01       		.byte	0x1
 179 0407 00       		.uleb128 0
 180 0408 5F5F494E 		.ascii "__INTMAX_TYPE__ long long int\0"
 180      544D4158 
 180      5F545950 
 180      455F5F20 
 180      6C6F6E67 
 181 0426 01       		.byte	0x1
 182 0427 00       		.uleb128 0
 183 0428 5F5F5549 		.ascii "__UINTMAX_TYPE__ long long unsigned int\0"
 183      4E544D41 
 183      585F5459 
 183      50455F5F 
 183      206C6F6E 
 184 0450 01       		.byte	0x1
 185 0451 00       		.uleb128 0
 186 0452 5F5F4348 		.ascii "__CHAR16_TYPE__ short unsigned int\0"
 186      41523136 
 186      5F545950 
 186      455F5F20 
 186      73686F72 
 187 0475 01       		.byte	0x1
 188 0476 00       		.uleb128 0
 189 0477 5F5F4348 		.ascii "__CHAR32_TYPE__ unsigned int\0"
 189      41523332 
 189      5F545950 
 189      455F5F20 
 189      756E7369 
 190 0494 01       		.byte	0x1
 191 0495 00       		.uleb128 0
 192 0496 5F5F5349 		.ascii "__SIG_ATOMIC_TYPE__ int\0"
 192      475F4154 
 192      4F4D4943 
 192      5F545950 
 192      455F5F20 
 193 04ae 01       		.byte	0x1
 194 04af 00       		.uleb128 0
 195 04b0 5F5F494E 		.ascii "__INT8_TYPE__ signed char\0"
 195      54385F54 
 195      5950455F 
 195      5F207369 
 195      676E6564 
 196 04ca 01       		.byte	0x1
 197 04cb 00       		.uleb128 0
 198 04cc 5F5F494E 		.ascii "__INT16_TYPE__ short int\0"
 198      5431365F 
 198      54595045 
 198      5F5F2073 
 198      686F7274 
 199 04e5 01       		.byte	0x1
 200 04e6 00       		.uleb128 0
 201 04e7 5F5F494E 		.ascii "__INT32_TYPE__ int\0"
 201      5433325F 
 201      54595045 
 201      5F5F2069 
 201      6E7400
 202 04fa 01       		.byte	0x1
 203 04fb 00       		.uleb128 0
 204 04fc 5F5F494E 		.ascii "__INT64_TYPE__ long long int\0"
 204      5436345F 
 204      54595045 
 204      5F5F206C 
 204      6F6E6720 
 205 0519 01       		.byte	0x1
 206 051a 00       		.uleb128 0
 207 051b 5F5F5549 		.ascii "__UINT8_TYPE__ unsigned char\0"
 207      4E54385F 
 207      54595045 
 207      5F5F2075 
 207      6E736967 
 208 0538 01       		.byte	0x1
 209 0539 00       		.uleb128 0
 210 053a 5F5F5549 		.ascii "__UINT16_TYPE__ short unsigned int\0"
 210      4E543136 
 210      5F545950 
 210      455F5F20 
 210      73686F72 
 211 055d 01       		.byte	0x1
 212 055e 00       		.uleb128 0
 213 055f 5F5F5549 		.ascii "__UINT32_TYPE__ unsigned int\0"
 213      4E543332 
 213      5F545950 
 213      455F5F20 
 213      756E7369 
 214 057c 01       		.byte	0x1
 215 057d 00       		.uleb128 0
 216 057e 5F5F5549 		.ascii "__UINT64_TYPE__ long long unsigned int\0"
 216      4E543634 
 216      5F545950 
 216      455F5F20 
 216      6C6F6E67 
 217 05a5 01       		.byte	0x1
 218 05a6 00       		.uleb128 0
 219 05a7 5F5F494E 		.ascii "__INT_LEAST8_TYPE__ signed char\0"
 219      545F4C45 
 219      41535438 
 219      5F545950 
 219      455F5F20 
 220 05c7 01       		.byte	0x1
 221 05c8 00       		.uleb128 0
 222 05c9 5F5F494E 		.ascii "__INT_LEAST16_TYPE__ short int\0"
 222      545F4C45 
 222      41535431 
 222      365F5459 
 222      50455F5F 
 223 05e8 01       		.byte	0x1
 224 05e9 00       		.uleb128 0
 225 05ea 5F5F494E 		.ascii "__INT_LEAST32_TYPE__ int\0"
 225      545F4C45 
 225      41535433 
 225      325F5459 
 225      50455F5F 
 226 0603 01       		.byte	0x1
 227 0604 00       		.uleb128 0
 228 0605 5F5F494E 		.ascii "__INT_LEAST64_TYPE__ long long int\0"
 228      545F4C45 
 228      41535436 
 228      345F5459 
 228      50455F5F 
 229 0628 01       		.byte	0x1
 230 0629 00       		.uleb128 0
 231 062a 5F5F5549 		.ascii "__UINT_LEAST8_TYPE__ unsigned char\0"
 231      4E545F4C 
 231      45415354 
 231      385F5459 
 231      50455F5F 
 232 064d 01       		.byte	0x1
 233 064e 00       		.uleb128 0
 234 064f 5F5F5549 		.ascii "__UINT_LEAST16_TYPE__ short unsigned int\0"
 234      4E545F4C 
 234      45415354 
 234      31365F54 
 234      5950455F 
 235 0678 01       		.byte	0x1
 236 0679 00       		.uleb128 0
 237 067a 5F5F5549 		.ascii "__UINT_LEAST32_TYPE__ unsigned int\0"
 237      4E545F4C 
 237      45415354 
 237      33325F54 
 237      5950455F 
 238 069d 01       		.byte	0x1
 239 069e 00       		.uleb128 0
 240 069f 5F5F5549 		.ascii "__UINT_LEAST64_TYPE__ long long unsigned int\0"
 240      4E545F4C 
 240      45415354 
 240      36345F54 
 240      5950455F 
 241 06cc 01       		.byte	0x1
 242 06cd 00       		.uleb128 0
 243 06ce 5F5F494E 		.ascii "__INT_FAST8_TYPE__ signed char\0"
 243      545F4641 
 243      5354385F 
 243      54595045 
 243      5F5F2073 
 244 06ed 01       		.byte	0x1
 245 06ee 00       		.uleb128 0
 246 06ef 5F5F494E 		.ascii "__INT_FAST16_TYPE__ short int\0"
 246      545F4641 
 246      53543136 
 246      5F545950 
 246      455F5F20 
 247 070d 01       		.byte	0x1
 248 070e 00       		.uleb128 0
 249 070f 5F5F494E 		.ascii "__INT_FAST32_TYPE__ int\0"
 249      545F4641 
 249      53543332 
 249      5F545950 
 249      455F5F20 
 250 0727 01       		.byte	0x1
 251 0728 00       		.uleb128 0
 252 0729 5F5F494E 		.ascii "__INT_FAST64_TYPE__ long long int\0"
 252      545F4641 
 252      53543634 
 252      5F545950 
 252      455F5F20 
 253 074b 01       		.byte	0x1
 254 074c 00       		.uleb128 0
 255 074d 5F5F5549 		.ascii "__UINT_FAST8_TYPE__ unsigned char\0"
 255      4E545F46 
 255      41535438 
 255      5F545950 
 255      455F5F20 
 256 076f 01       		.byte	0x1
 257 0770 00       		.uleb128 0
 258 0771 5F5F5549 		.ascii "__UINT_FAST16_TYPE__ short unsigned int\0"
 258      4E545F46 
 258      41535431 
 258      365F5459 
 258      50455F5F 
 259 0799 01       		.byte	0x1
 260 079a 00       		.uleb128 0
 261 079b 5F5F5549 		.ascii "__UINT_FAST32_TYPE__ unsigned int\0"
 261      4E545F46 
 261      41535433 
 261      325F5459 
 261      50455F5F 
 262 07bd 01       		.byte	0x1
 263 07be 00       		.uleb128 0
 264 07bf 5F5F5549 		.ascii "__UINT_FAST64_TYPE__ long long unsigned int\0"
 264      4E545F46 
 264      41535436 
 264      345F5459 
 264      50455F5F 
 265 07eb 01       		.byte	0x1
 266 07ec 00       		.uleb128 0
 267 07ed 5F5F494E 		.ascii "__INTPTR_TYPE__ long long int\0"
 267      54505452 
 267      5F545950 
 267      455F5F20 
 267      6C6F6E67 
 268 080b 01       		.byte	0x1
 269 080c 00       		.uleb128 0
 270 080d 5F5F5549 		.ascii "__UINTPTR_TYPE__ long long unsigned int\0"
 270      4E545054 
 270      525F5459 
 270      50455F5F 
 270      206C6F6E 
 271 0835 01       		.byte	0x1
 272 0836 00       		.uleb128 0
 273 0837 5F5F4758 		.ascii "__GXX_ABI_VERSION 1017\0"
 273      585F4142 
 273      495F5645 
 273      5253494F 
 273      4E203130 
 274 084e 01       		.byte	0x1
 275 084f 00       		.uleb128 0
 276 0850 5F5F5343 		.ascii "__SCHAR_MAX__ 0x7f\0"
 276      4841525F 
 276      4D41585F 
 276      5F203078 
 276      376600
 277 0863 01       		.byte	0x1
 278 0864 00       		.uleb128 0
 279 0865 5F5F5348 		.ascii "__SHRT_MAX__ 0x7fff\0"
 279      52545F4D 
 279      41585F5F 
 279      20307837 
 279      66666600 
 280 0879 01       		.byte	0x1
 281 087a 00       		.uleb128 0
 282 087b 5F5F494E 		.ascii "__INT_MAX__ 0x7fffffff\0"
 282      545F4D41 
 282      585F5F20 
 282      30783766 
 282      66666666 
 283 0892 01       		.byte	0x1
 284 0893 00       		.uleb128 0
 285 0894 5F5F4C4F 		.ascii "__LONG_MAX__ 0x7fffffffL\0"
 285      4E475F4D 
 285      41585F5F 
 285      20307837 
 285      66666666 
 286 08ad 01       		.byte	0x1
 287 08ae 00       		.uleb128 0
 288 08af 5F5F4C4F 		.ascii "__LONG_LONG_MAX__ 0x7fffffffffffffffLL\0"
 288      4E475F4C 
 288      4F4E475F 
 288      4D41585F 
 288      5F203078 
 289 08d6 01       		.byte	0x1
 290 08d7 00       		.uleb128 0
 291 08d8 5F5F5743 		.ascii "__WCHAR_MAX__ 0xffff\0"
 291      4841525F 
 291      4D41585F 
 291      5F203078 
 291      66666666 
 292 08ed 01       		.byte	0x1
 293 08ee 00       		.uleb128 0
 294 08ef 5F5F5743 		.ascii "__WCHAR_MIN__ 0\0"
 294      4841525F 
 294      4D494E5F 
 294      5F203000 
 295 08ff 01       		.byte	0x1
 296 0900 00       		.uleb128 0
 297 0901 5F5F5749 		.ascii "__WINT_MAX__ 0xffff\0"
 297      4E545F4D 
 297      41585F5F 
 297      20307866 
 297      66666600 
 298 0915 01       		.byte	0x1
 299 0916 00       		.uleb128 0
 300 0917 5F5F5749 		.ascii "__WINT_MIN__ 0\0"
 300      4E545F4D 
 300      494E5F5F 
 300      203000
 301 0926 01       		.byte	0x1
 302 0927 00       		.uleb128 0
 303 0928 5F5F5054 		.ascii "__PTRDIFF_MAX__ 0x7fffffffffffffffLL\0"
 303      52444946 
 303      465F4D41 
 303      585F5F20 
 303      30783766 
 304 094d 01       		.byte	0x1
 305 094e 00       		.uleb128 0
 306 094f 5F5F5349 		.ascii "__SIZE_MAX__ 0xffffffffffffffffULL\0"
 306      5A455F4D 
 306      41585F5F 
 306      20307866 
 306      66666666 
 307 0972 01       		.byte	0x1
 308 0973 00       		.uleb128 0
 309 0974 5F5F5343 		.ascii "__SCHAR_WIDTH__ 8\0"
 309      4841525F 
 309      57494454 
 309      485F5F20 
 309      3800
 310 0986 01       		.byte	0x1
 311 0987 00       		.uleb128 0
 312 0988 5F5F5348 		.ascii "__SHRT_WIDTH__ 16\0"
 312      52545F57 
 312      49445448 
 312      5F5F2031 
 312      3600
 313 099a 01       		.byte	0x1
 314 099b 00       		.uleb128 0
 315 099c 5F5F494E 		.ascii "__INT_WIDTH__ 32\0"
 315      545F5749 
 315      4454485F 
 315      5F203332 
 315      00
 316 09ad 01       		.byte	0x1
 317 09ae 00       		.uleb128 0
 318 09af 5F5F4C4F 		.ascii "__LONG_WIDTH__ 32\0"
 318      4E475F57 
 318      49445448 
 318      5F5F2033 
 318      3200
 319 09c1 01       		.byte	0x1
 320 09c2 00       		.uleb128 0
 321 09c3 5F5F4C4F 		.ascii "__LONG_LONG_WIDTH__ 64\0"
 321      4E475F4C 
 321      4F4E475F 
 321      57494454 
 321      485F5F20 
 322 09da 01       		.byte	0x1
 323 09db 00       		.uleb128 0
 324 09dc 5F5F5743 		.ascii "__WCHAR_WIDTH__ 16\0"
 324      4841525F 
 324      57494454 
 324      485F5F20 
 324      313600
 325 09ef 01       		.byte	0x1
 326 09f0 00       		.uleb128 0
 327 09f1 5F5F5749 		.ascii "__WINT_WIDTH__ 16\0"
 327      4E545F57 
 327      49445448 
 327      5F5F2031 
 327      3600
 328 0a03 01       		.byte	0x1
 329 0a04 00       		.uleb128 0
 330 0a05 5F5F5054 		.ascii "__PTRDIFF_WIDTH__ 64\0"
 330      52444946 
 330      465F5749 
 330      4454485F 
 330      5F203634 
 331 0a1a 01       		.byte	0x1
 332 0a1b 00       		.uleb128 0
 333 0a1c 5F5F5349 		.ascii "__SIZE_WIDTH__ 64\0"
 333      5A455F57 
 333      49445448 
 333      5F5F2036 
 333      3400
 334 0a2e 01       		.byte	0x1
 335 0a2f 00       		.uleb128 0
 336 0a30 5F5F494E 		.ascii "__INTMAX_MAX__ 0x7fffffffffffffffLL\0"
 336      544D4158 
 336      5F4D4158 
 336      5F5F2030 
 336      78376666 
 337 0a54 01       		.byte	0x1
 338 0a55 00       		.uleb128 0
 339 0a56 5F5F494E 		.ascii "__INTMAX_C(c) c ## LL\0"
 339      544D4158 
 339      5F432863 
 339      29206320 
 339      2323204C 
 340 0a6c 01       		.byte	0x1
 341 0a6d 00       		.uleb128 0
 342 0a6e 5F5F5549 		.ascii "__UINTMAX_MAX__ 0xffffffffffffffffULL\0"
 342      4E544D41 
 342      585F4D41 
 342      585F5F20 
 342      30786666 
 343 0a94 01       		.byte	0x1
 344 0a95 00       		.uleb128 0
 345 0a96 5F5F5549 		.ascii "__UINTMAX_C(c) c ## ULL\0"
 345      4E544D41 
 345      585F4328 
 345      63292063 
 345      20232320 
 346 0aae 01       		.byte	0x1
 347 0aaf 00       		.uleb128 0
 348 0ab0 5F5F494E 		.ascii "__INTMAX_WIDTH__ 64\0"
 348      544D4158 
 348      5F574944 
 348      54485F5F 
 348      20363400 
 349 0ac4 01       		.byte	0x1
 350 0ac5 00       		.uleb128 0
 351 0ac6 5F5F5349 		.ascii "__SIG_ATOMIC_MAX__ 0x7fffffff\0"
 351      475F4154 
 351      4F4D4943 
 351      5F4D4158 
 351      5F5F2030 
 352 0ae4 01       		.byte	0x1
 353 0ae5 00       		.uleb128 0
 354 0ae6 5F5F5349 		.ascii "__SIG_ATOMIC_MIN__ (-__SIG_ATOMIC_MAX__ - 1)\0"
 354      475F4154 
 354      4F4D4943 
 354      5F4D494E 
 354      5F5F2028 
 355 0b13 01       		.byte	0x1
 356 0b14 00       		.uleb128 0
 357 0b15 5F5F5349 		.ascii "__SIG_ATOMIC_WIDTH__ 32\0"
 357      475F4154 
 357      4F4D4943 
 357      5F574944 
 357      54485F5F 
 358 0b2d 01       		.byte	0x1
 359 0b2e 00       		.uleb128 0
 360 0b2f 5F5F494E 		.ascii "__INT8_MAX__ 0x7f\0"
 360      54385F4D 
 360      41585F5F 
 360      20307837 
 360      6600
 361 0b41 01       		.byte	0x1
 362 0b42 00       		.uleb128 0
 363 0b43 5F5F494E 		.ascii "__INT16_MAX__ 0x7fff\0"
 363      5431365F 
 363      4D41585F 
 363      5F203078 
 363      37666666 
 364 0b58 01       		.byte	0x1
 365 0b59 00       		.uleb128 0
 366 0b5a 5F5F494E 		.ascii "__INT32_MAX__ 0x7fffffff\0"
 366      5433325F 
 366      4D41585F 
 366      5F203078 
 366      37666666 
 367 0b73 01       		.byte	0x1
 368 0b74 00       		.uleb128 0
 369 0b75 5F5F494E 		.ascii "__INT64_MAX__ 0x7fffffffffffffffLL\0"
 369      5436345F 
 369      4D41585F 
 369      5F203078 
 369      37666666 
 370 0b98 01       		.byte	0x1
 371 0b99 00       		.uleb128 0
 372 0b9a 5F5F5549 		.ascii "__UINT8_MAX__ 0xff\0"
 372      4E54385F 
 372      4D41585F 
 372      5F203078 
 372      666600
 373 0bad 01       		.byte	0x1
 374 0bae 00       		.uleb128 0
 375 0baf 5F5F5549 		.ascii "__UINT16_MAX__ 0xffff\0"
 375      4E543136 
 375      5F4D4158 
 375      5F5F2030 
 375      78666666 
 376 0bc5 01       		.byte	0x1
 377 0bc6 00       		.uleb128 0
 378 0bc7 5F5F5549 		.ascii "__UINT32_MAX__ 0xffffffffU\0"
 378      4E543332 
 378      5F4D4158 
 378      5F5F2030 
 378      78666666 
 379 0be2 01       		.byte	0x1
 380 0be3 00       		.uleb128 0
 381 0be4 5F5F5549 		.ascii "__UINT64_MAX__ 0xffffffffffffffffULL\0"
 381      4E543634 
 381      5F4D4158 
 381      5F5F2030 
 381      78666666 
 382 0c09 01       		.byte	0x1
 383 0c0a 00       		.uleb128 0
 384 0c0b 5F5F494E 		.ascii "__INT_LEAST8_MAX__ 0x7f\0"
 384      545F4C45 
 384      41535438 
 384      5F4D4158 
 384      5F5F2030 
 385 0c23 01       		.byte	0x1
 386 0c24 00       		.uleb128 0
 387 0c25 5F5F494E 		.ascii "__INT8_C(c) c\0"
 387      54385F43 
 387      28632920 
 387      6300
 388 0c33 01       		.byte	0x1
 389 0c34 00       		.uleb128 0
 390 0c35 5F5F494E 		.ascii "__INT_LEAST8_WIDTH__ 8\0"
 390      545F4C45 
 390      41535438 
 390      5F574944 
 390      54485F5F 
 391 0c4c 01       		.byte	0x1
 392 0c4d 00       		.uleb128 0
 393 0c4e 5F5F494E 		.ascii "__INT_LEAST16_MAX__ 0x7fff\0"
 393      545F4C45 
 393      41535431 
 393      365F4D41 
 393      585F5F20 
 394 0c69 01       		.byte	0x1
 395 0c6a 00       		.uleb128 0
 396 0c6b 5F5F494E 		.ascii "__INT16_C(c) c\0"
 396      5431365F 
 396      43286329 
 396      206300
 397 0c7a 01       		.byte	0x1
 398 0c7b 00       		.uleb128 0
 399 0c7c 5F5F494E 		.ascii "__INT_LEAST16_WIDTH__ 16\0"
 399      545F4C45 
 399      41535431 
 399      365F5749 
 399      4454485F 
 400 0c95 01       		.byte	0x1
 401 0c96 00       		.uleb128 0
 402 0c97 5F5F494E 		.ascii "__INT_LEAST32_MAX__ 0x7fffffff\0"
 402      545F4C45 
 402      41535433 
 402      325F4D41 
 402      585F5F20 
 403 0cb6 01       		.byte	0x1
 404 0cb7 00       		.uleb128 0
 405 0cb8 5F5F494E 		.ascii "__INT32_C(c) c\0"
 405      5433325F 
 405      43286329 
 405      206300
 406 0cc7 01       		.byte	0x1
 407 0cc8 00       		.uleb128 0
 408 0cc9 5F5F494E 		.ascii "__INT_LEAST32_WIDTH__ 32\0"
 408      545F4C45 
 408      41535433 
 408      325F5749 
 408      4454485F 
 409 0ce2 01       		.byte	0x1
 410 0ce3 00       		.uleb128 0
 411 0ce4 5F5F494E 		.ascii "__INT_LEAST64_MAX__ 0x7fffffffffffffffLL\0"
 411      545F4C45 
 411      41535436 
 411      345F4D41 
 411      585F5F20 
 412 0d0d 01       		.byte	0x1
 413 0d0e 00       		.uleb128 0
 414 0d0f 5F5F494E 		.ascii "__INT64_C(c) c ## LL\0"
 414      5436345F 
 414      43286329 
 414      20632023 
 414      23204C4C 
 415 0d24 01       		.byte	0x1
 416 0d25 00       		.uleb128 0
 417 0d26 5F5F494E 		.ascii "__INT_LEAST64_WIDTH__ 64\0"
 417      545F4C45 
 417      41535436 
 417      345F5749 
 417      4454485F 
 418 0d3f 01       		.byte	0x1
 419 0d40 00       		.uleb128 0
 420 0d41 5F5F5549 		.ascii "__UINT_LEAST8_MAX__ 0xff\0"
 420      4E545F4C 
 420      45415354 
 420      385F4D41 
 420      585F5F20 
 421 0d5a 01       		.byte	0x1
 422 0d5b 00       		.uleb128 0
 423 0d5c 5F5F5549 		.ascii "__UINT8_C(c) c\0"
 423      4E54385F 
 423      43286329 
 423      206300
 424 0d6b 01       		.byte	0x1
 425 0d6c 00       		.uleb128 0
 426 0d6d 5F5F5549 		.ascii "__UINT_LEAST16_MAX__ 0xffff\0"
 426      4E545F4C 
 426      45415354 
 426      31365F4D 
 426      41585F5F 
 427 0d89 01       		.byte	0x1
 428 0d8a 00       		.uleb128 0
 429 0d8b 5F5F5549 		.ascii "__UINT16_C(c) c\0"
 429      4E543136 
 429      5F432863 
 429      29206300 
 430 0d9b 01       		.byte	0x1
 431 0d9c 00       		.uleb128 0
 432 0d9d 5F5F5549 		.ascii "__UINT_LEAST32_MAX__ 0xffffffffU\0"
 432      4E545F4C 
 432      45415354 
 432      33325F4D 
 432      41585F5F 
 433 0dbe 01       		.byte	0x1
 434 0dbf 00       		.uleb128 0
 435 0dc0 5F5F5549 		.ascii "__UINT32_C(c) c ## U\0"
 435      4E543332 
 435      5F432863 
 435      29206320 
 435      23232055 
 436 0dd5 01       		.byte	0x1
 437 0dd6 00       		.uleb128 0
 438 0dd7 5F5F5549 		.ascii "__UINT_LEAST64_MAX__ 0xffffffffffffffffULL\0"
 438      4E545F4C 
 438      45415354 
 438      36345F4D 
 438      41585F5F 
 439 0e02 01       		.byte	0x1
 440 0e03 00       		.uleb128 0
 441 0e04 5F5F5549 		.ascii "__UINT64_C(c) c ## ULL\0"
 441      4E543634 
 441      5F432863 
 441      29206320 
 441      23232055 
 442 0e1b 01       		.byte	0x1
 443 0e1c 00       		.uleb128 0
 444 0e1d 5F5F494E 		.ascii "__INT_FAST8_MAX__ 0x7f\0"
 444      545F4641 
 444      5354385F 
 444      4D41585F 
 444      5F203078 
 445 0e34 01       		.byte	0x1
 446 0e35 00       		.uleb128 0
 447 0e36 5F5F494E 		.ascii "__INT_FAST8_WIDTH__ 8\0"
 447      545F4641 
 447      5354385F 
 447      57494454 
 447      485F5F20 
 448 0e4c 01       		.byte	0x1
 449 0e4d 00       		.uleb128 0
 450 0e4e 5F5F494E 		.ascii "__INT_FAST16_MAX__ 0x7fff\0"
 450      545F4641 
 450      53543136 
 450      5F4D4158 
 450      5F5F2030 
 451 0e68 01       		.byte	0x1
 452 0e69 00       		.uleb128 0
 453 0e6a 5F5F494E 		.ascii "__INT_FAST16_WIDTH__ 16\0"
 453      545F4641 
 453      53543136 
 453      5F574944 
 453      54485F5F 
 454 0e82 01       		.byte	0x1
 455 0e83 00       		.uleb128 0
 456 0e84 5F5F494E 		.ascii "__INT_FAST32_MAX__ 0x7fffffff\0"
 456      545F4641 
 456      53543332 
 456      5F4D4158 
 456      5F5F2030 
 457 0ea2 01       		.byte	0x1
 458 0ea3 00       		.uleb128 0
 459 0ea4 5F5F494E 		.ascii "__INT_FAST32_WIDTH__ 32\0"
 459      545F4641 
 459      53543332 
 459      5F574944 
 459      54485F5F 
 460 0ebc 01       		.byte	0x1
 461 0ebd 00       		.uleb128 0
 462 0ebe 5F5F494E 		.ascii "__INT_FAST64_MAX__ 0x7fffffffffffffffLL\0"
 462      545F4641 
 462      53543634 
 462      5F4D4158 
 462      5F5F2030 
 463 0ee6 01       		.byte	0x1
 464 0ee7 00       		.uleb128 0
 465 0ee8 5F5F494E 		.ascii "__INT_FAST64_WIDTH__ 64\0"
 465      545F4641 
 465      53543634 
 465      5F574944 
 465      54485F5F 
 466 0f00 01       		.byte	0x1
 467 0f01 00       		.uleb128 0
 468 0f02 5F5F5549 		.ascii "__UINT_FAST8_MAX__ 0xff\0"
 468      4E545F46 
 468      41535438 
 468      5F4D4158 
 468      5F5F2030 
 469 0f1a 01       		.byte	0x1
 470 0f1b 00       		.uleb128 0
 471 0f1c 5F5F5549 		.ascii "__UINT_FAST16_MAX__ 0xffff\0"
 471      4E545F46 
 471      41535431 
 471      365F4D41 
 471      585F5F20 
 472 0f37 01       		.byte	0x1
 473 0f38 00       		.uleb128 0
 474 0f39 5F5F5549 		.ascii "__UINT_FAST32_MAX__ 0xffffffffU\0"
 474      4E545F46 
 474      41535433 
 474      325F4D41 
 474      585F5F20 
 475 0f59 01       		.byte	0x1
 476 0f5a 00       		.uleb128 0
 477 0f5b 5F5F5549 		.ascii "__UINT_FAST64_MAX__ 0xffffffffffffffffULL\0"
 477      4E545F46 
 477      41535436 
 477      345F4D41 
 477      585F5F20 
 478 0f85 01       		.byte	0x1
 479 0f86 00       		.uleb128 0
 480 0f87 5F5F494E 		.ascii "__INTPTR_MAX__ 0x7fffffffffffffffLL\0"
 480      54505452 
 480      5F4D4158 
 480      5F5F2030 
 480      78376666 
 481 0fab 01       		.byte	0x1
 482 0fac 00       		.uleb128 0
 483 0fad 5F5F494E 		.ascii "__INTPTR_WIDTH__ 64\0"
 483      54505452 
 483      5F574944 
 483      54485F5F 
 483      20363400 
 484 0fc1 01       		.byte	0x1
 485 0fc2 00       		.uleb128 0
 486 0fc3 5F5F5549 		.ascii "__UINTPTR_MAX__ 0xffffffffffffffffULL\0"
 486      4E545054 
 486      525F4D41 
 486      585F5F20 
 486      30786666 
 487 0fe9 01       		.byte	0x1
 488 0fea 00       		.uleb128 0
 489 0feb 5F5F4743 		.ascii "__GCC_IEC_559 2\0"
 489      435F4945 
 489      435F3535 
 489      39203200 
 490 0ffb 01       		.byte	0x1
 491 0ffc 00       		.uleb128 0
 492 0ffd 5F5F4743 		.ascii "__GCC_IEC_559_COMPLEX 2\0"
 492      435F4945 
 492      435F3535 
 492      395F434F 
 492      4D504C45 
 493 1015 01       		.byte	0x1
 494 1016 00       		.uleb128 0
 495 1017 5F5F464C 		.ascii "__FLT_EVAL_METHOD__ 0\0"
 495      545F4556 
 495      414C5F4D 
 495      4554484F 
 495      445F5F20 
 496 102d 01       		.byte	0x1
 497 102e 00       		.uleb128 0
 498 102f 5F5F464C 		.ascii "__FLT_EVAL_METHOD_TS_18661_3__ 0\0"
 498      545F4556 
 498      414C5F4D 
 498      4554484F 
 498      445F5453 
 499 1050 01       		.byte	0x1
 500 1051 00       		.uleb128 0
 501 1052 5F5F4445 		.ascii "__DEC_EVAL_METHOD__ 2\0"
 501      435F4556 
 501      414C5F4D 
 501      4554484F 
 501      445F5F20 
 502 1068 01       		.byte	0x1
 503 1069 00       		.uleb128 0
 504 106a 5F5F464C 		.ascii "__FLT_RADIX__ 2\0"
 504      545F5241 
 504      4449585F 
 504      5F203200 
 505 107a 01       		.byte	0x1
 506 107b 00       		.uleb128 0
 507 107c 5F5F464C 		.ascii "__FLT_MANT_DIG__ 24\0"
 507      545F4D41 
 507      4E545F44 
 507      49475F5F 
 507      20323400 
 508 1090 01       		.byte	0x1
 509 1091 00       		.uleb128 0
 510 1092 5F5F464C 		.ascii "__FLT_DIG__ 6\0"
 510      545F4449 
 510      475F5F20 
 510      3600
 511 10a0 01       		.byte	0x1
 512 10a1 00       		.uleb128 0
 513 10a2 5F5F464C 		.ascii "__FLT_MIN_EXP__ (-125)\0"
 513      545F4D49 
 513      4E5F4558 
 513      505F5F20 
 513      282D3132 
 514 10b9 01       		.byte	0x1
 515 10ba 00       		.uleb128 0
 516 10bb 5F5F464C 		.ascii "__FLT_MIN_10_EXP__ (-37)\0"
 516      545F4D49 
 516      4E5F3130 
 516      5F455850 
 516      5F5F2028 
 517 10d4 01       		.byte	0x1
 518 10d5 00       		.uleb128 0
 519 10d6 5F5F464C 		.ascii "__FLT_MAX_EXP__ 128\0"
 519      545F4D41 
 519      585F4558 
 519      505F5F20 
 519      31323800 
 520 10ea 01       		.byte	0x1
 521 10eb 00       		.uleb128 0
 522 10ec 5F5F464C 		.ascii "__FLT_MAX_10_EXP__ 38\0"
 522      545F4D41 
 522      585F3130 
 522      5F455850 
 522      5F5F2033 
 523 1102 01       		.byte	0x1
 524 1103 00       		.uleb128 0
 525 1104 5F5F464C 		.ascii "__FLT_DECIMAL_DIG__ 9\0"
 525      545F4445 
 525      43494D41 
 525      4C5F4449 
 525      475F5F20 
 526 111a 01       		.byte	0x1
 527 111b 00       		.uleb128 0
 528 111c 5F5F464C 		.ascii "__FLT_MAX__ 3.40282346638528859811704183484516925e+38F\0"
 528      545F4D41 
 528      585F5F20 
 528      332E3430 
 528      32383233 
 529 1153 01       		.byte	0x1
 530 1154 00       		.uleb128 0
 531 1155 5F5F464C 		.ascii "__FLT_NORM_MAX__ 3.40282346638528859811704183484516925e+38F\0"
 531      545F4E4F 
 531      524D5F4D 
 531      41585F5F 
 531      20332E34 
 532 1191 01       		.byte	0x1
 533 1192 00       		.uleb128 0
 534 1193 5F5F464C 		.ascii "__FLT_MIN__ 1.17549435082228750796873653722224568e-38F\0"
 534      545F4D49 
 534      4E5F5F20 
 534      312E3137 
 534      35343934 
 535 11ca 01       		.byte	0x1
 536 11cb 00       		.uleb128 0
 537 11cc 5F5F464C 		.ascii "__FLT_EPSILON__ 1.19209289550781250000000000000000000e-7F\0"
 537      545F4550 
 537      53494C4F 
 537      4E5F5F20 
 537      312E3139 
 538 1206 01       		.byte	0x1
 539 1207 00       		.uleb128 0
 540 1208 5F5F464C 		.ascii "__FLT_DENORM_MIN__ 1.40129846432481707092372958328991613e-45F\0"
 540      545F4445 
 540      4E4F524D 
 540      5F4D494E 
 540      5F5F2031 
 541 1246 01       		.byte	0x1
 542 1247 00       		.uleb128 0
 543 1248 5F5F464C 		.ascii "__FLT_HAS_DENORM__ 1\0"
 543      545F4841 
 543      535F4445 
 543      4E4F524D 
 543      5F5F2031 
 544 125d 01       		.byte	0x1
 545 125e 00       		.uleb128 0
 546 125f 5F5F464C 		.ascii "__FLT_HAS_INFINITY__ 1\0"
 546      545F4841 
 546      535F494E 
 546      46494E49 
 546      54595F5F 
 547 1276 01       		.byte	0x1
 548 1277 00       		.uleb128 0
 549 1278 5F5F464C 		.ascii "__FLT_HAS_QUIET_NAN__ 1\0"
 549      545F4841 
 549      535F5155 
 549      4945545F 
 549      4E414E5F 
 550 1290 01       		.byte	0x1
 551 1291 00       		.uleb128 0
 552 1292 5F5F464C 		.ascii "__FLT_IS_IEC_60559__ 2\0"
 552      545F4953 
 552      5F494543 
 552      5F363035 
 552      35395F5F 
 553 12a9 01       		.byte	0x1
 554 12aa 00       		.uleb128 0
 555 12ab 5F5F4442 		.ascii "__DBL_MANT_DIG__ 53\0"
 555      4C5F4D41 
 555      4E545F44 
 555      49475F5F 
 555      20353300 
 556 12bf 01       		.byte	0x1
 557 12c0 00       		.uleb128 0
 558 12c1 5F5F4442 		.ascii "__DBL_DIG__ 15\0"
 558      4C5F4449 
 558      475F5F20 
 558      313500
 559 12d0 01       		.byte	0x1
 560 12d1 00       		.uleb128 0
 561 12d2 5F5F4442 		.ascii "__DBL_MIN_EXP__ (-1021)\0"
 561      4C5F4D49 
 561      4E5F4558 
 561      505F5F20 
 561      282D3130 
 562 12ea 01       		.byte	0x1
 563 12eb 00       		.uleb128 0
 564 12ec 5F5F4442 		.ascii "__DBL_MIN_10_EXP__ (-307)\0"
 564      4C5F4D49 
 564      4E5F3130 
 564      5F455850 
 564      5F5F2028 
 565 1306 01       		.byte	0x1
 566 1307 00       		.uleb128 0
 567 1308 5F5F4442 		.ascii "__DBL_MAX_EXP__ 1024\0"
 567      4C5F4D41 
 567      585F4558 
 567      505F5F20 
 567      31303234 
 568 131d 01       		.byte	0x1
 569 131e 00       		.uleb128 0
 570 131f 5F5F4442 		.ascii "__DBL_MAX_10_EXP__ 308\0"
 570      4C5F4D41 
 570      585F3130 
 570      5F455850 
 570      5F5F2033 
 571 1336 01       		.byte	0x1
 572 1337 00       		.uleb128 0
 573 1338 5F5F4442 		.ascii "__DBL_DECIMAL_DIG__ 17\0"
 573      4C5F4445 
 573      43494D41 
 573      4C5F4449 
 573      475F5F20 
 574 134f 01       		.byte	0x1
 575 1350 00       		.uleb128 0
 576 1351 5F5F4442 		.ascii "__DBL_MAX__ ((double)1.79769313486231570814527423731704357e+308L)\0"
 576      4C5F4D41 
 576      585F5F20 
 576      2828646F 
 576      75626C65 
 577 1393 01       		.byte	0x1
 578 1394 00       		.uleb128 0
 579 1395 5F5F4442 		.ascii "__DBL_NORM_MAX__ ((double)1.79769313486231570814527423731704357e+308L)\0"
 579      4C5F4E4F 
 579      524D5F4D 
 579      41585F5F 
 579      20282864 
 580 13dc 01       		.byte	0x1
 581 13dd 00       		.uleb128 0
 582 13de 5F5F4442 		.ascii "__DBL_MIN__ ((double)2.22507385850720138309023271733240406e-308L)\0"
 582      4C5F4D49 
 582      4E5F5F20 
 582      2828646F 
 582      75626C65 
 583 1420 01       		.byte	0x1
 584 1421 00       		.uleb128 0
 585 1422 5F5F4442 		.ascii "__DBL_EPSILON__ ((double)2.22044604925031308084726333618164062e-16L)\0"
 585      4C5F4550 
 585      53494C4F 
 585      4E5F5F20 
 585      2828646F 
 586 1467 01       		.byte	0x1
 587 1468 00       		.uleb128 0
 588 1469 5F5F4442 		.ascii "__DBL_DENORM_MIN__ ((double)4.94065645841246544176568792868221372e-324L)\0"
 588      4C5F4445 
 588      4E4F524D 
 588      5F4D494E 
 588      5F5F2028 
 589 14b2 01       		.byte	0x1
 590 14b3 00       		.uleb128 0
 591 14b4 5F5F4442 		.ascii "__DBL_HAS_DENORM__ 1\0"
 591      4C5F4841 
 591      535F4445 
 591      4E4F524D 
 591      5F5F2031 
 592 14c9 01       		.byte	0x1
 593 14ca 00       		.uleb128 0
 594 14cb 5F5F4442 		.ascii "__DBL_HAS_INFINITY__ 1\0"
 594      4C5F4841 
 594      535F494E 
 594      46494E49 
 594      54595F5F 
 595 14e2 01       		.byte	0x1
 596 14e3 00       		.uleb128 0
 597 14e4 5F5F4442 		.ascii "__DBL_HAS_QUIET_NAN__ 1\0"
 597      4C5F4841 
 597      535F5155 
 597      4945545F 
 597      4E414E5F 
 598 14fc 01       		.byte	0x1
 599 14fd 00       		.uleb128 0
 600 14fe 5F5F4442 		.ascii "__DBL_IS_IEC_60559__ 2\0"
 600      4C5F4953 
 600      5F494543 
 600      5F363035 
 600      35395F5F 
 601 1515 01       		.byte	0x1
 602 1516 00       		.uleb128 0
 603 1517 5F5F4C44 		.ascii "__LDBL_MANT_DIG__ 64\0"
 603      424C5F4D 
 603      414E545F 
 603      4449475F 
 603      5F203634 
 604 152c 01       		.byte	0x1
 605 152d 00       		.uleb128 0
 606 152e 5F5F4C44 		.ascii "__LDBL_DIG__ 18\0"
 606      424C5F44 
 606      49475F5F 
 606      20313800 
 607 153e 01       		.byte	0x1
 608 153f 00       		.uleb128 0
 609 1540 5F5F4C44 		.ascii "__LDBL_MIN_EXP__ (-16381)\0"
 609      424C5F4D 
 609      494E5F45 
 609      58505F5F 
 609      20282D31 
 610 155a 01       		.byte	0x1
 611 155b 00       		.uleb128 0
 612 155c 5F5F4C44 		.ascii "__LDBL_MIN_10_EXP__ (-4931)\0"
 612      424C5F4D 
 612      494E5F31 
 612      305F4558 
 612      505F5F20 
 613 1578 01       		.byte	0x1
 614 1579 00       		.uleb128 0
 615 157a 5F5F4C44 		.ascii "__LDBL_MAX_EXP__ 16384\0"
 615      424C5F4D 
 615      41585F45 
 615      58505F5F 
 615      20313633 
 616 1591 01       		.byte	0x1
 617 1592 00       		.uleb128 0
 618 1593 5F5F4C44 		.ascii "__LDBL_MAX_10_EXP__ 4932\0"
 618      424C5F4D 
 618      41585F31 
 618      305F4558 
 618      505F5F20 
 619 15ac 01       		.byte	0x1
 620 15ad 00       		.uleb128 0
 621 15ae 5F5F4445 		.ascii "__DECIMAL_DIG__ 21\0"
 621      43494D41 
 621      4C5F4449 
 621      475F5F20 
 621      323100
 622 15c1 01       		.byte	0x1
 623 15c2 00       		.uleb128 0
 624 15c3 5F5F4C44 		.ascii "__LDBL_DECIMAL_DIG__ 21\0"
 624      424C5F44 
 624      4543494D 
 624      414C5F44 
 624      49475F5F 
 625 15db 01       		.byte	0x1
 626 15dc 00       		.uleb128 0
 627 15dd 5F5F4C44 		.ascii "__LDBL_MAX__ 1.18973149535723176502126385303097021e+4932L\0"
 627      424C5F4D 
 627      41585F5F 
 627      20312E31 
 627      38393733 
 628 1617 01       		.byte	0x1
 629 1618 00       		.uleb128 0
 630 1619 5F5F4C44 		.ascii "__LDBL_NORM_MAX__ 1.18973149535723176502126385303097021e+4932L\0"
 630      424C5F4E 
 630      4F524D5F 
 630      4D41585F 
 630      5F20312E 
 631 1658 01       		.byte	0x1
 632 1659 00       		.uleb128 0
 633 165a 5F5F4C44 		.ascii "__LDBL_MIN__ 3.36210314311209350626267781732175260e-4932L\0"
 633      424C5F4D 
 633      494E5F5F 
 633      20332E33 
 633      36323130 
 634 1694 01       		.byte	0x1
 635 1695 00       		.uleb128 0
 636 1696 5F5F4C44 		.ascii "__LDBL_EPSILON__ 1.08420217248550443400745280086994171e-19L\0"
 636      424C5F45 
 636      5053494C 
 636      4F4E5F5F 
 636      20312E30 
 637 16d2 01       		.byte	0x1
 638 16d3 00       		.uleb128 0
 639 16d4 5F5F4C44 		.ascii "__LDBL_DENORM_MIN__ 3.64519953188247460252840593361941982e-4951L\0"
 639      424C5F44 
 639      454E4F52 
 639      4D5F4D49 
 639      4E5F5F20 
 640 1715 01       		.byte	0x1
 641 1716 00       		.uleb128 0
 642 1717 5F5F4C44 		.ascii "__LDBL_HAS_DENORM__ 1\0"
 642      424C5F48 
 642      41535F44 
 642      454E4F52 
 642      4D5F5F20 
 643 172d 01       		.byte	0x1
 644 172e 00       		.uleb128 0
 645 172f 5F5F4C44 		.ascii "__LDBL_HAS_INFINITY__ 1\0"
 645      424C5F48 
 645      41535F49 
 645      4E46494E 
 645      4954595F 
 646 1747 01       		.byte	0x1
 647 1748 00       		.uleb128 0
 648 1749 5F5F4C44 		.ascii "__LDBL_HAS_QUIET_NAN__ 1\0"
 648      424C5F48 
 648      41535F51 
 648      55494554 
 648      5F4E414E 
 649 1762 01       		.byte	0x1
 650 1763 00       		.uleb128 0
 651 1764 5F5F4C44 		.ascii "__LDBL_IS_IEC_60559__ 2\0"
 651      424C5F49 
 651      535F4945 
 651      435F3630 
 651      3535395F 
 652 177c 01       		.byte	0x1
 653 177d 00       		.uleb128 0
 654 177e 5F5F464C 		.ascii "__FLT16_MANT_DIG__ 11\0"
 654      5431365F 
 654      4D414E54 
 654      5F444947 
 654      5F5F2031 
 655 1794 01       		.byte	0x1
 656 1795 00       		.uleb128 0
 657 1796 5F5F464C 		.ascii "__FLT16_DIG__ 3\0"
 657      5431365F 
 657      4449475F 
 657      5F203300 
 658 17a6 01       		.byte	0x1
 659 17a7 00       		.uleb128 0
 660 17a8 5F5F464C 		.ascii "__FLT16_MIN_EXP__ (-13)\0"
 660      5431365F 
 660      4D494E5F 
 660      4558505F 
 660      5F20282D 
 661 17c0 01       		.byte	0x1
 662 17c1 00       		.uleb128 0
 663 17c2 5F5F464C 		.ascii "__FLT16_MIN_10_EXP__ (-4)\0"
 663      5431365F 
 663      4D494E5F 
 663      31305F45 
 663      58505F5F 
 664 17dc 01       		.byte	0x1
 665 17dd 00       		.uleb128 0
 666 17de 5F5F464C 		.ascii "__FLT16_MAX_EXP__ 16\0"
 666      5431365F 
 666      4D41585F 
 666      4558505F 
 666      5F203136 
 667 17f3 01       		.byte	0x1
 668 17f4 00       		.uleb128 0
 669 17f5 5F5F464C 		.ascii "__FLT16_MAX_10_EXP__ 4\0"
 669      5431365F 
 669      4D41585F 
 669      31305F45 
 669      58505F5F 
 670 180c 01       		.byte	0x1
 671 180d 00       		.uleb128 0
 672 180e 5F5F464C 		.ascii "__FLT16_DECIMAL_DIG__ 5\0"
 672      5431365F 
 672      44454349 
 672      4D414C5F 
 672      4449475F 
 673 1826 01       		.byte	0x1
 674 1827 00       		.uleb128 0
 675 1828 5F5F464C 		.ascii "__FLT16_MAX__ 6.55040000000000000000000000000000000e+4F16\0"
 675      5431365F 
 675      4D41585F 
 675      5F20362E 
 675      35353034 
 676 1862 01       		.byte	0x1
 677 1863 00       		.uleb128 0
 678 1864 5F5F464C 		.ascii "__FLT16_NORM_MAX__ 6.55040000000000000000000000000000000e+4F16\0"
 678      5431365F 
 678      4E4F524D 
 678      5F4D4158 
 678      5F5F2036 
 679 18a3 01       		.byte	0x1
 680 18a4 00       		.uleb128 0
 681 18a5 5F5F464C 		.ascii "__FLT16_MIN__ 6.10351562500000000000000000000000000e-5F16\0"
 681      5431365F 
 681      4D494E5F 
 681      5F20362E 
 681      31303335 
 682 18df 01       		.byte	0x1
 683 18e0 00       		.uleb128 0
 684 18e1 5F5F464C 		.ascii "__FLT16_EPSILON__ 9.76562500000000000000000000000000000e-4F16\0"
 684      5431365F 
 684      45505349 
 684      4C4F4E5F 
 684      5F20392E 
 685 191f 01       		.byte	0x1
 686 1920 00       		.uleb128 0
 687 1921 5F5F464C 		.ascii "__FLT16_DENORM_MIN__ 5.96046447753906250000000000000000000e-8F16\0"
 687      5431365F 
 687      44454E4F 
 687      524D5F4D 
 687      494E5F5F 
 688 1962 01       		.byte	0x1
 689 1963 00       		.uleb128 0
 690 1964 5F5F464C 		.ascii "__FLT16_HAS_DENORM__ 1\0"
 690      5431365F 
 690      4841535F 
 690      44454E4F 
 690      524D5F5F 
 691 197b 01       		.byte	0x1
 692 197c 00       		.uleb128 0
 693 197d 5F5F464C 		.ascii "__FLT16_HAS_INFINITY__ 1\0"
 693      5431365F 
 693      4841535F 
 693      494E4649 
 693      4E495459 
 694 1996 01       		.byte	0x1
 695 1997 00       		.uleb128 0
 696 1998 5F5F464C 		.ascii "__FLT16_HAS_QUIET_NAN__ 1\0"
 696      5431365F 
 696      4841535F 
 696      51554945 
 696      545F4E41 
 697 19b2 01       		.byte	0x1
 698 19b3 00       		.uleb128 0
 699 19b4 5F5F464C 		.ascii "__FLT16_IS_IEC_60559__ 2\0"
 699      5431365F 
 699      49535F49 
 699      45435F36 
 699      30353539 
 700 19cd 01       		.byte	0x1
 701 19ce 00       		.uleb128 0
 702 19cf 5F5F464C 		.ascii "__FLT32_MANT_DIG__ 24\0"
 702      5433325F 
 702      4D414E54 
 702      5F444947 
 702      5F5F2032 
 703 19e5 01       		.byte	0x1
 704 19e6 00       		.uleb128 0
 705 19e7 5F5F464C 		.ascii "__FLT32_DIG__ 6\0"
 705      5433325F 
 705      4449475F 
 705      5F203600 
 706 19f7 01       		.byte	0x1
 707 19f8 00       		.uleb128 0
 708 19f9 5F5F464C 		.ascii "__FLT32_MIN_EXP__ (-125)\0"
 708      5433325F 
 708      4D494E5F 
 708      4558505F 
 708      5F20282D 
 709 1a12 01       		.byte	0x1
 710 1a13 00       		.uleb128 0
 711 1a14 5F5F464C 		.ascii "__FLT32_MIN_10_EXP__ (-37)\0"
 711      5433325F 
 711      4D494E5F 
 711      31305F45 
 711      58505F5F 
 712 1a2f 01       		.byte	0x1
 713 1a30 00       		.uleb128 0
 714 1a31 5F5F464C 		.ascii "__FLT32_MAX_EXP__ 128\0"
 714      5433325F 
 714      4D41585F 
 714      4558505F 
 714      5F203132 
 715 1a47 01       		.byte	0x1
 716 1a48 00       		.uleb128 0
 717 1a49 5F5F464C 		.ascii "__FLT32_MAX_10_EXP__ 38\0"
 717      5433325F 
 717      4D41585F 
 717      31305F45 
 717      58505F5F 
 718 1a61 01       		.byte	0x1
 719 1a62 00       		.uleb128 0
 720 1a63 5F5F464C 		.ascii "__FLT32_DECIMAL_DIG__ 9\0"
 720      5433325F 
 720      44454349 
 720      4D414C5F 
 720      4449475F 
 721 1a7b 01       		.byte	0x1
 722 1a7c 00       		.uleb128 0
 723 1a7d 5F5F464C 		.ascii "__FLT32_MAX__ 3.40282346638528859811704183484516925e+38F32\0"
 723      5433325F 
 723      4D41585F 
 723      5F20332E 
 723      34303238 
 724 1ab8 01       		.byte	0x1
 725 1ab9 00       		.uleb128 0
 726 1aba 5F5F464C 		.ascii "__FLT32_NORM_MAX__ 3.40282346638528859811704183484516925e+38F32\0"
 726      5433325F 
 726      4E4F524D 
 726      5F4D4158 
 726      5F5F2033 
 727 1afa 01       		.byte	0x1
 728 1afb 00       		.uleb128 0
 729 1afc 5F5F464C 		.ascii "__FLT32_MIN__ 1.17549435082228750796873653722224568e-38F32\0"
 729      5433325F 
 729      4D494E5F 
 729      5F20312E 
 729      31373534 
 730 1b37 01       		.byte	0x1
 731 1b38 00       		.uleb128 0
 732 1b39 5F5F464C 		.ascii "__FLT32_EPSILON__ 1.19209289550781250000000000000000000e-7F32\0"
 732      5433325F 
 732      45505349 
 732      4C4F4E5F 
 732      5F20312E 
 733 1b77 01       		.byte	0x1
 734 1b78 00       		.uleb128 0
 735 1b79 5F5F464C 		.ascii "__FLT32_DENORM_MIN__ 1.40129846432481707092372958328991613e-45F32\0"
 735      5433325F 
 735      44454E4F 
 735      524D5F4D 
 735      494E5F5F 
 736 1bbb 01       		.byte	0x1
 737 1bbc 00       		.uleb128 0
 738 1bbd 5F5F464C 		.ascii "__FLT32_HAS_DENORM__ 1\0"
 738      5433325F 
 738      4841535F 
 738      44454E4F 
 738      524D5F5F 
 739 1bd4 01       		.byte	0x1
 740 1bd5 00       		.uleb128 0
 741 1bd6 5F5F464C 		.ascii "__FLT32_HAS_INFINITY__ 1\0"
 741      5433325F 
 741      4841535F 
 741      494E4649 
 741      4E495459 
 742 1bef 01       		.byte	0x1
 743 1bf0 00       		.uleb128 0
 744 1bf1 5F5F464C 		.ascii "__FLT32_HAS_QUIET_NAN__ 1\0"
 744      5433325F 
 744      4841535F 
 744      51554945 
 744      545F4E41 
 745 1c0b 01       		.byte	0x1
 746 1c0c 00       		.uleb128 0
 747 1c0d 5F5F464C 		.ascii "__FLT32_IS_IEC_60559__ 2\0"
 747      5433325F 
 747      49535F49 
 747      45435F36 
 747      30353539 
 748 1c26 01       		.byte	0x1
 749 1c27 00       		.uleb128 0
 750 1c28 5F5F464C 		.ascii "__FLT64_MANT_DIG__ 53\0"
 750      5436345F 
 750      4D414E54 
 750      5F444947 
 750      5F5F2035 
 751 1c3e 01       		.byte	0x1
 752 1c3f 00       		.uleb128 0
 753 1c40 5F5F464C 		.ascii "__FLT64_DIG__ 15\0"
 753      5436345F 
 753      4449475F 
 753      5F203135 
 753      00
 754 1c51 01       		.byte	0x1
 755 1c52 00       		.uleb128 0
 756 1c53 5F5F464C 		.ascii "__FLT64_MIN_EXP__ (-1021)\0"
 756      5436345F 
 756      4D494E5F 
 756      4558505F 
 756      5F20282D 
 757 1c6d 01       		.byte	0x1
 758 1c6e 00       		.uleb128 0
 759 1c6f 5F5F464C 		.ascii "__FLT64_MIN_10_EXP__ (-307)\0"
 759      5436345F 
 759      4D494E5F 
 759      31305F45 
 759      58505F5F 
 760 1c8b 01       		.byte	0x1
 761 1c8c 00       		.uleb128 0
 762 1c8d 5F5F464C 		.ascii "__FLT64_MAX_EXP__ 1024\0"
 762      5436345F 
 762      4D41585F 
 762      4558505F 
 762      5F203130 
 763 1ca4 01       		.byte	0x1
 764 1ca5 00       		.uleb128 0
 765 1ca6 5F5F464C 		.ascii "__FLT64_MAX_10_EXP__ 308\0"
 765      5436345F 
 765      4D41585F 
 765      31305F45 
 765      58505F5F 
 766 1cbf 01       		.byte	0x1
 767 1cc0 00       		.uleb128 0
 768 1cc1 5F5F464C 		.ascii "__FLT64_DECIMAL_DIG__ 17\0"
 768      5436345F 
 768      44454349 
 768      4D414C5F 
 768      4449475F 
 769 1cda 01       		.byte	0x1
 770 1cdb 00       		.uleb128 0
 771 1cdc 5F5F464C 		.ascii "__FLT64_MAX__ 1.79769313486231570814527423731704357e+308F64\0"
 771      5436345F 
 771      4D41585F 
 771      5F20312E 
 771      37393736 
 772 1d18 01       		.byte	0x1
 773 1d19 00       		.uleb128 0
 774 1d1a 5F5F464C 		.ascii "__FLT64_NORM_MAX__ 1.79769313486231570814527423731704357e+308F64\0"
 774      5436345F 
 774      4E4F524D 
 774      5F4D4158 
 774      5F5F2031 
 775 1d5b 01       		.byte	0x1
 776 1d5c 00       		.uleb128 0
 777 1d5d 5F5F464C 		.ascii "__FLT64_MIN__ 2.22507385850720138309023271733240406e-308F64\0"
 777      5436345F 
 777      4D494E5F 
 777      5F20322E 
 777      32323530 
 778 1d99 01       		.byte	0x1
 779 1d9a 00       		.uleb128 0
 780 1d9b 5F5F464C 		.ascii "__FLT64_EPSILON__ 2.22044604925031308084726333618164062e-16F64\0"
 780      5436345F 
 780      45505349 
 780      4C4F4E5F 
 780      5F20322E 
 781 1dda 01       		.byte	0x1
 782 1ddb 00       		.uleb128 0
 783 1ddc 5F5F464C 		.ascii "__FLT64_DENORM_MIN__ 4.94065645841246544176568792868221372e-324F64\0"
 783      5436345F 
 783      44454E4F 
 783      524D5F4D 
 783      494E5F5F 
 784 1e1f 01       		.byte	0x1
 785 1e20 00       		.uleb128 0
 786 1e21 5F5F464C 		.ascii "__FLT64_HAS_DENORM__ 1\0"
 786      5436345F 
 786      4841535F 
 786      44454E4F 
 786      524D5F5F 
 787 1e38 01       		.byte	0x1
 788 1e39 00       		.uleb128 0
 789 1e3a 5F5F464C 		.ascii "__FLT64_HAS_INFINITY__ 1\0"
 789      5436345F 
 789      4841535F 
 789      494E4649 
 789      4E495459 
 790 1e53 01       		.byte	0x1
 791 1e54 00       		.uleb128 0
 792 1e55 5F5F464C 		.ascii "__FLT64_HAS_QUIET_NAN__ 1\0"
 792      5436345F 
 792      4841535F 
 792      51554945 
 792      545F4E41 
 793 1e6f 01       		.byte	0x1
 794 1e70 00       		.uleb128 0
 795 1e71 5F5F464C 		.ascii "__FLT64_IS_IEC_60559__ 2\0"
 795      5436345F 
 795      49535F49 
 795      45435F36 
 795      30353539 
 796 1e8a 01       		.byte	0x1
 797 1e8b 00       		.uleb128 0
 798 1e8c 5F5F464C 		.ascii "__FLT128_MANT_DIG__ 113\0"
 798      54313238 
 798      5F4D414E 
 798      545F4449 
 798      475F5F20 
 799 1ea4 01       		.byte	0x1
 800 1ea5 00       		.uleb128 0
 801 1ea6 5F5F464C 		.ascii "__FLT128_DIG__ 33\0"
 801      54313238 
 801      5F444947 
 801      5F5F2033 
 801      3300
 802 1eb8 01       		.byte	0x1
 803 1eb9 00       		.uleb128 0
 804 1eba 5F5F464C 		.ascii "__FLT128_MIN_EXP__ (-16381)\0"
 804      54313238 
 804      5F4D494E 
 804      5F455850 
 804      5F5F2028 
 805 1ed6 01       		.byte	0x1
 806 1ed7 00       		.uleb128 0
 807 1ed8 5F5F464C 		.ascii "__FLT128_MIN_10_EXP__ (-4931)\0"
 807      54313238 
 807      5F4D494E 
 807      5F31305F 
 807      4558505F 
 808 1ef6 01       		.byte	0x1
 809 1ef7 00       		.uleb128 0
 810 1ef8 5F5F464C 		.ascii "__FLT128_MAX_EXP__ 16384\0"
 810      54313238 
 810      5F4D4158 
 810      5F455850 
 810      5F5F2031 
 811 1f11 01       		.byte	0x1
 812 1f12 00       		.uleb128 0
 813 1f13 5F5F464C 		.ascii "__FLT128_MAX_10_EXP__ 4932\0"
 813      54313238 
 813      5F4D4158 
 813      5F31305F 
 813      4558505F 
 814 1f2e 01       		.byte	0x1
 815 1f2f 00       		.uleb128 0
 816 1f30 5F5F464C 		.ascii "__FLT128_DECIMAL_DIG__ 36\0"
 816      54313238 
 816      5F444543 
 816      494D414C 
 816      5F444947 
 817 1f4a 01       		.byte	0x1
 818 1f4b 00       		.uleb128 0
 819 1f4c 5F5F464C 		.ascii "__FLT128_MAX__ 1.18973149535723176508575932662800702e+4932F128\0"
 819      54313238 
 819      5F4D4158 
 819      5F5F2031 
 819      2E313839 
 820 1f8b 01       		.byte	0x1
 821 1f8c 00       		.uleb128 0
 822 1f8d 5F5F464C 		.ascii "__FLT128_NORM_MAX__ 1.18973149535723176508575932662800702e+4932F128\0"
 822      54313238 
 822      5F4E4F52 
 822      4D5F4D41 
 822      585F5F20 
 823 1fd1 01       		.byte	0x1
 824 1fd2 00       		.uleb128 0
 825 1fd3 5F5F464C 		.ascii "__FLT128_MIN__ 3.36210314311209350626267781732175260e-4932F128\0"
 825      54313238 
 825      5F4D494E 
 825      5F5F2033 
 825      2E333632 
 826 2012 01       		.byte	0x1
 827 2013 00       		.uleb128 0
 828 2014 5F5F464C 		.ascii "__FLT128_EPSILON__ 1.92592994438723585305597794258492732e-34F128\0"
 828      54313238 
 828      5F455053 
 828      494C4F4E 
 828      5F5F2031 
 829 2055 01       		.byte	0x1
 830 2056 00       		.uleb128 0
 831 2057 5F5F464C 		.ascii "__FLT128_DENORM_MIN__ 6.47517511943802511092443895822764655e-4966F128\0"
 831      54313238 
 831      5F44454E 
 831      4F524D5F 
 831      4D494E5F 
 832 209d 01       		.byte	0x1
 833 209e 00       		.uleb128 0
 834 209f 5F5F464C 		.ascii "__FLT128_HAS_DENORM__ 1\0"
 834      54313238 
 834      5F484153 
 834      5F44454E 
 834      4F524D5F 
 835 20b7 01       		.byte	0x1
 836 20b8 00       		.uleb128 0
 837 20b9 5F5F464C 		.ascii "__FLT128_HAS_INFINITY__ 1\0"
 837      54313238 
 837      5F484153 
 837      5F494E46 
 837      494E4954 
 838 20d3 01       		.byte	0x1
 839 20d4 00       		.uleb128 0
 840 20d5 5F5F464C 		.ascii "__FLT128_HAS_QUIET_NAN__ 1\0"
 840      54313238 
 840      5F484153 
 840      5F515549 
 840      45545F4E 
 841 20f0 01       		.byte	0x1
 842 20f1 00       		.uleb128 0
 843 20f2 5F5F464C 		.ascii "__FLT128_IS_IEC_60559__ 2\0"
 843      54313238 
 843      5F49535F 
 843      4945435F 
 843      36303535 
 844 210c 01       		.byte	0x1
 845 210d 00       		.uleb128 0
 846 210e 5F5F464C 		.ascii "__FLT32X_MANT_DIG__ 53\0"
 846      54333258 
 846      5F4D414E 
 846      545F4449 
 846      475F5F20 
 847 2125 01       		.byte	0x1
 848 2126 00       		.uleb128 0
 849 2127 5F5F464C 		.ascii "__FLT32X_DIG__ 15\0"
 849      54333258 
 849      5F444947 
 849      5F5F2031 
 849      3500
 850 2139 01       		.byte	0x1
 851 213a 00       		.uleb128 0
 852 213b 5F5F464C 		.ascii "__FLT32X_MIN_EXP__ (-1021)\0"
 852      54333258 
 852      5F4D494E 
 852      5F455850 
 852      5F5F2028 
 853 2156 01       		.byte	0x1
 854 2157 00       		.uleb128 0
 855 2158 5F5F464C 		.ascii "__FLT32X_MIN_10_EXP__ (-307)\0"
 855      54333258 
 855      5F4D494E 
 855      5F31305F 
 855      4558505F 
 856 2175 01       		.byte	0x1
 857 2176 00       		.uleb128 0
 858 2177 5F5F464C 		.ascii "__FLT32X_MAX_EXP__ 1024\0"
 858      54333258 
 858      5F4D4158 
 858      5F455850 
 858      5F5F2031 
 859 218f 01       		.byte	0x1
 860 2190 00       		.uleb128 0
 861 2191 5F5F464C 		.ascii "__FLT32X_MAX_10_EXP__ 308\0"
 861      54333258 
 861      5F4D4158 
 861      5F31305F 
 861      4558505F 
 862 21ab 01       		.byte	0x1
 863 21ac 00       		.uleb128 0
 864 21ad 5F5F464C 		.ascii "__FLT32X_DECIMAL_DIG__ 17\0"
 864      54333258 
 864      5F444543 
 864      494D414C 
 864      5F444947 
 865 21c7 01       		.byte	0x1
 866 21c8 00       		.uleb128 0
 867 21c9 5F5F464C 		.ascii "__FLT32X_MAX__ 1.79769313486231570814527423731704357e+308F32x\0"
 867      54333258 
 867      5F4D4158 
 867      5F5F2031 
 867      2E373937 
 868 2207 01       		.byte	0x1
 869 2208 00       		.uleb128 0
 870 2209 5F5F464C 		.ascii "__FLT32X_NORM_MAX__ 1.79769313486231570814527423731704357e+308F32x\0"
 870      54333258 
 870      5F4E4F52 
 870      4D5F4D41 
 870      585F5F20 
 871 224c 01       		.byte	0x1
 872 224d 00       		.uleb128 0
 873 224e 5F5F464C 		.ascii "__FLT32X_MIN__ 2.22507385850720138309023271733240406e-308F32x\0"
 873      54333258 
 873      5F4D494E 
 873      5F5F2032 
 873      2E323235 
 874 228c 01       		.byte	0x1
 875 228d 00       		.uleb128 0
 876 228e 5F5F464C 		.ascii "__FLT32X_EPSILON__ 2.22044604925031308084726333618164062e-16F32x\0"
 876      54333258 
 876      5F455053 
 876      494C4F4E 
 876      5F5F2032 
 877 22cf 01       		.byte	0x1
 878 22d0 00       		.uleb128 0
 879 22d1 5F5F464C 		.ascii "__FLT32X_DENORM_MIN__ 4.94065645841246544176568792868221372e-324F32x\0"
 879      54333258 
 879      5F44454E 
 879      4F524D5F 
 879      4D494E5F 
 880 2316 01       		.byte	0x1
 881 2317 00       		.uleb128 0
 882 2318 5F5F464C 		.ascii "__FLT32X_HAS_DENORM__ 1\0"
 882      54333258 
 882      5F484153 
 882      5F44454E 
 882      4F524D5F 
 883 2330 01       		.byte	0x1
 884 2331 00       		.uleb128 0
 885 2332 5F5F464C 		.ascii "__FLT32X_HAS_INFINITY__ 1\0"
 885      54333258 
 885      5F484153 
 885      5F494E46 
 885      494E4954 
 886 234c 01       		.byte	0x1
 887 234d 00       		.uleb128 0
 888 234e 5F5F464C 		.ascii "__FLT32X_HAS_QUIET_NAN__ 1\0"
 888      54333258 
 888      5F484153 
 888      5F515549 
 888      45545F4E 
 889 2369 01       		.byte	0x1
 890 236a 00       		.uleb128 0
 891 236b 5F5F464C 		.ascii "__FLT32X_IS_IEC_60559__ 2\0"
 891      54333258 
 891      5F49535F 
 891      4945435F 
 891      36303535 
 892 2385 01       		.byte	0x1
 893 2386 00       		.uleb128 0
 894 2387 5F5F464C 		.ascii "__FLT64X_MANT_DIG__ 64\0"
 894      54363458 
 894      5F4D414E 
 894      545F4449 
 894      475F5F20 
 895 239e 01       		.byte	0x1
 896 239f 00       		.uleb128 0
 897 23a0 5F5F464C 		.ascii "__FLT64X_DIG__ 18\0"
 897      54363458 
 897      5F444947 
 897      5F5F2031 
 897      3800
 898 23b2 01       		.byte	0x1
 899 23b3 00       		.uleb128 0
 900 23b4 5F5F464C 		.ascii "__FLT64X_MIN_EXP__ (-16381)\0"
 900      54363458 
 900      5F4D494E 
 900      5F455850 
 900      5F5F2028 
 901 23d0 01       		.byte	0x1
 902 23d1 00       		.uleb128 0
 903 23d2 5F5F464C 		.ascii "__FLT64X_MIN_10_EXP__ (-4931)\0"
 903      54363458 
 903      5F4D494E 
 903      5F31305F 
 903      4558505F 
 904 23f0 01       		.byte	0x1
 905 23f1 00       		.uleb128 0
 906 23f2 5F5F464C 		.ascii "__FLT64X_MAX_EXP__ 16384\0"
 906      54363458 
 906      5F4D4158 
 906      5F455850 
 906      5F5F2031 
 907 240b 01       		.byte	0x1
 908 240c 00       		.uleb128 0
 909 240d 5F5F464C 		.ascii "__FLT64X_MAX_10_EXP__ 4932\0"
 909      54363458 
 909      5F4D4158 
 909      5F31305F 
 909      4558505F 
 910 2428 01       		.byte	0x1
 911 2429 00       		.uleb128 0
 912 242a 5F5F464C 		.ascii "__FLT64X_DECIMAL_DIG__ 21\0"
 912      54363458 
 912      5F444543 
 912      494D414C 
 912      5F444947 
 913 2444 01       		.byte	0x1
 914 2445 00       		.uleb128 0
 915 2446 5F5F464C 		.ascii "__FLT64X_MAX__ 1.18973149535723176502126385303097021e+4932F64x\0"
 915      54363458 
 915      5F4D4158 
 915      5F5F2031 
 915      2E313839 
 916 2485 01       		.byte	0x1
 917 2486 00       		.uleb128 0
 918 2487 5F5F464C 		.ascii "__FLT64X_NORM_MAX__ 1.18973149535723176502126385303097021e+4932F64x\0"
 918      54363458 
 918      5F4E4F52 
 918      4D5F4D41 
 918      585F5F20 
 919 24cb 01       		.byte	0x1
 920 24cc 00       		.uleb128 0
 921 24cd 5F5F464C 		.ascii "__FLT64X_MIN__ 3.36210314311209350626267781732175260e-4932F64x\0"
 921      54363458 
 921      5F4D494E 
 921      5F5F2033 
 921      2E333632 
 922 250c 01       		.byte	0x1
 923 250d 00       		.uleb128 0
 924 250e 5F5F464C 		.ascii "__FLT64X_EPSILON__ 1.08420217248550443400745280086994171e-19F64x\0"
 924      54363458 
 924      5F455053 
 924      494C4F4E 
 924      5F5F2031 
 925 254f 01       		.byte	0x1
 926 2550 00       		.uleb128 0
 927 2551 5F5F464C 		.ascii "__FLT64X_DENORM_MIN__ 3.64519953188247460252840593361941982e-4951F64x\0"
 927      54363458 
 927      5F44454E 
 927      4F524D5F 
 927      4D494E5F 
 928 2597 01       		.byte	0x1
 929 2598 00       		.uleb128 0
 930 2599 5F5F464C 		.ascii "__FLT64X_HAS_DENORM__ 1\0"
 930      54363458 
 930      5F484153 
 930      5F44454E 
 930      4F524D5F 
 931 25b1 01       		.byte	0x1
 932 25b2 00       		.uleb128 0
 933 25b3 5F5F464C 		.ascii "__FLT64X_HAS_INFINITY__ 1\0"
 933      54363458 
 933      5F484153 
 933      5F494E46 
 933      494E4954 
 934 25cd 01       		.byte	0x1
 935 25ce 00       		.uleb128 0
 936 25cf 5F5F464C 		.ascii "__FLT64X_HAS_QUIET_NAN__ 1\0"
 936      54363458 
 936      5F484153 
 936      5F515549 
 936      45545F4E 
 937 25ea 01       		.byte	0x1
 938 25eb 00       		.uleb128 0
 939 25ec 5F5F464C 		.ascii "__FLT64X_IS_IEC_60559__ 2\0"
 939      54363458 
 939      5F49535F 
 939      4945435F 
 939      36303535 
 940 2606 01       		.byte	0x1
 941 2607 00       		.uleb128 0
 942 2608 5F5F4445 		.ascii "__DEC32_MANT_DIG__ 7\0"
 942      4333325F 
 942      4D414E54 
 942      5F444947 
 942      5F5F2037 
 943 261d 01       		.byte	0x1
 944 261e 00       		.uleb128 0
 945 261f 5F5F4445 		.ascii "__DEC32_MIN_EXP__ (-94)\0"
 945      4333325F 
 945      4D494E5F 
 945      4558505F 
 945      5F20282D 
 946 2637 01       		.byte	0x1
 947 2638 00       		.uleb128 0
 948 2639 5F5F4445 		.ascii "__DEC32_MAX_EXP__ 97\0"
 948      4333325F 
 948      4D41585F 
 948      4558505F 
 948      5F203937 
 949 264e 01       		.byte	0x1
 950 264f 00       		.uleb128 0
 951 2650 5F5F4445 		.ascii "__DEC32_MIN__ 1E-95DF\0"
 951      4333325F 
 951      4D494E5F 
 951      5F203145 
 951      2D393544 
 952 2666 01       		.byte	0x1
 953 2667 00       		.uleb128 0
 954 2668 5F5F4445 		.ascii "__DEC32_MAX__ 9.999999E96DF\0"
 954      4333325F 
 954      4D41585F 
 954      5F20392E 
 954      39393939 
 955 2684 01       		.byte	0x1
 956 2685 00       		.uleb128 0
 957 2686 5F5F4445 		.ascii "__DEC32_EPSILON__ 1E-6DF\0"
 957      4333325F 
 957      45505349 
 957      4C4F4E5F 
 957      5F203145 
 958 269f 01       		.byte	0x1
 959 26a0 00       		.uleb128 0
 960 26a1 5F5F4445 		.ascii "__DEC32_SUBNORMAL_MIN__ 0.000001E-95DF\0"
 960      4333325F 
 960      5355424E 
 960      4F524D41 
 960      4C5F4D49 
 961 26c8 01       		.byte	0x1
 962 26c9 00       		.uleb128 0
 963 26ca 5F5F4445 		.ascii "__DEC64_MANT_DIG__ 16\0"
 963      4336345F 
 963      4D414E54 
 963      5F444947 
 963      5F5F2031 
 964 26e0 01       		.byte	0x1
 965 26e1 00       		.uleb128 0
 966 26e2 5F5F4445 		.ascii "__DEC64_MIN_EXP__ (-382)\0"
 966      4336345F 
 966      4D494E5F 
 966      4558505F 
 966      5F20282D 
 967 26fb 01       		.byte	0x1
 968 26fc 00       		.uleb128 0
 969 26fd 5F5F4445 		.ascii "__DEC64_MAX_EXP__ 385\0"
 969      4336345F 
 969      4D41585F 
 969      4558505F 
 969      5F203338 
 970 2713 01       		.byte	0x1
 971 2714 00       		.uleb128 0
 972 2715 5F5F4445 		.ascii "__DEC64_MIN__ 1E-383DD\0"
 972      4336345F 
 972      4D494E5F 
 972      5F203145 
 972      2D333833 
 973 272c 01       		.byte	0x1
 974 272d 00       		.uleb128 0
 975 272e 5F5F4445 		.ascii "__DEC64_MAX__ 9.999999999999999E384DD\0"
 975      4336345F 
 975      4D41585F 
 975      5F20392E 
 975      39393939 
 976 2754 01       		.byte	0x1
 977 2755 00       		.uleb128 0
 978 2756 5F5F4445 		.ascii "__DEC64_EPSILON__ 1E-15DD\0"
 978      4336345F 
 978      45505349 
 978      4C4F4E5F 
 978      5F203145 
 979 2770 01       		.byte	0x1
 980 2771 00       		.uleb128 0
 981 2772 5F5F4445 		.ascii "__DEC64_SUBNORMAL_MIN__ 0.000000000000001E-383DD\0"
 981      4336345F 
 981      5355424E 
 981      4F524D41 
 981      4C5F4D49 
 982 27a3 01       		.byte	0x1
 983 27a4 00       		.uleb128 0
 984 27a5 5F5F4445 		.ascii "__DEC128_MANT_DIG__ 34\0"
 984      43313238 
 984      5F4D414E 
 984      545F4449 
 984      475F5F20 
 985 27bc 01       		.byte	0x1
 986 27bd 00       		.uleb128 0
 987 27be 5F5F4445 		.ascii "__DEC128_MIN_EXP__ (-6142)\0"
 987      43313238 
 987      5F4D494E 
 987      5F455850 
 987      5F5F2028 
 988 27d9 01       		.byte	0x1
 989 27da 00       		.uleb128 0
 990 27db 5F5F4445 		.ascii "__DEC128_MAX_EXP__ 6145\0"
 990      43313238 
 990      5F4D4158 
 990      5F455850 
 990      5F5F2036 
 991 27f3 01       		.byte	0x1
 992 27f4 00       		.uleb128 0
 993 27f5 5F5F4445 		.ascii "__DEC128_MIN__ 1E-6143DL\0"
 993      43313238 
 993      5F4D494E 
 993      5F5F2031 
 993      452D3631 
 994 280e 01       		.byte	0x1
 995 280f 00       		.uleb128 0
 996 2810 5F5F4445 		.ascii "__DEC128_MAX__ 9.999999999999999999999999999999999E6144DL\0"
 996      43313238 
 996      5F4D4158 
 996      5F5F2039 
 996      2E393939 
 997 284a 01       		.byte	0x1
 998 284b 00       		.uleb128 0
 999 284c 5F5F4445 		.ascii "__DEC128_EPSILON__ 1E-33DL\0"
 999      43313238 
 999      5F455053 
 999      494C4F4E 
 999      5F5F2031 
 1000 2867 01       		.byte	0x1
 1001 2868 00       		.uleb128 0
 1002 2869 5F5F4445 		.ascii "__DEC128_SUBNORMAL_MIN__ 0.000000000000000000000000000000001E-6143DL\0"
 1002      43313238 
 1002      5F535542 
 1002      4E4F524D 
 1002      414C5F4D 
 1003 28ae 01       		.byte	0x1
 1004 28af 00       		.uleb128 0
 1005 28b0 5F5F5245 		.ascii "__REGISTER_PREFIX__ \0"
 1005      47495354 
 1005      45525F50 
 1005      52454649 
 1005      585F5F20 
 1006 28c5 01       		.byte	0x1
 1007 28c6 00       		.uleb128 0
 1008 28c7 5F5F5553 		.ascii "__USER_LABEL_PREFIX__ \0"
 1008      45525F4C 
 1008      4142454C 
 1008      5F505245 
 1008      4649585F 
 1009 28de 01       		.byte	0x1
 1010 28df 00       		.uleb128 0
 1011 28e0 5F5F474E 		.ascii "__GNUC_STDC_INLINE__ 1\0"
 1011      55435F53 
 1011      5444435F 
 1011      494E4C49 
 1011      4E455F5F 
 1012 28f7 01       		.byte	0x1
 1013 28f8 00       		.uleb128 0
 1014 28f9 5F5F5354 		.ascii "__STRICT_ANSI__ 1\0"
 1014      52494354 
 1014      5F414E53 
 1014      495F5F20 
 1014      3100
 1015 290b 01       		.byte	0x1
 1016 290c 00       		.uleb128 0
 1017 290d 5F5F4743 		.ascii "__GCC_HAVE_SYNC_COMPARE_AND_SWAP_1 1\0"
 1017      435F4841 
 1017      56455F53 
 1017      594E435F 
 1017      434F4D50 
 1018 2932 01       		.byte	0x1
 1019 2933 00       		.uleb128 0
 1020 2934 5F5F4743 		.ascii "__GCC_HAVE_SYNC_COMPARE_AND_SWAP_2 1\0"
 1020      435F4841 
 1020      56455F53 
 1020      594E435F 
 1020      434F4D50 
 1021 2959 01       		.byte	0x1
 1022 295a 00       		.uleb128 0
 1023 295b 5F5F4743 		.ascii "__GCC_HAVE_SYNC_COMPARE_AND_SWAP_4 1\0"
 1023      435F4841 
 1023      56455F53 
 1023      594E435F 
 1023      434F4D50 
 1024 2980 01       		.byte	0x1
 1025 2981 00       		.uleb128 0
 1026 2982 5F5F4743 		.ascii "__GCC_HAVE_SYNC_COMPARE_AND_SWAP_8 1\0"
 1026      435F4841 
 1026      56455F53 
 1026      594E435F 
 1026      434F4D50 
 1027 29a7 01       		.byte	0x1
 1028 29a8 00       		.uleb128 0
 1029 29a9 5F5F4743 		.ascii "__GCC_ATOMIC_BOOL_LOCK_FREE 2\0"
 1029      435F4154 
 1029      4F4D4943 
 1029      5F424F4F 
 1029      4C5F4C4F 
 1030 29c7 01       		.byte	0x1
 1031 29c8 00       		.uleb128 0
 1032 29c9 5F5F4743 		.ascii "__GCC_ATOMIC_CHAR_LOCK_FREE 2\0"
 1032      435F4154 
 1032      4F4D4943 
 1032      5F434841 
 1032      525F4C4F 
 1033 29e7 01       		.byte	0x1
 1034 29e8 00       		.uleb128 0
 1035 29e9 5F5F4743 		.ascii "__GCC_ATOMIC_CHAR16_T_LOCK_FREE 2\0"
 1035      435F4154 
 1035      4F4D4943 
 1035      5F434841 
 1035      5231365F 
 1036 2a0b 01       		.byte	0x1
 1037 2a0c 00       		.uleb128 0
 1038 2a0d 5F5F4743 		.ascii "__GCC_ATOMIC_CHAR32_T_LOCK_FREE 2\0"
 1038      435F4154 
 1038      4F4D4943 
 1038      5F434841 
 1038      5233325F 
 1039 2a2f 01       		.byte	0x1
 1040 2a30 00       		.uleb128 0
 1041 2a31 5F5F4743 		.ascii "__GCC_ATOMIC_WCHAR_T_LOCK_FREE 2\0"
 1041      435F4154 
 1041      4F4D4943 
 1041      5F574348 
 1041      41525F54 
 1042 2a52 01       		.byte	0x1
 1043 2a53 00       		.uleb128 0
 1044 2a54 5F5F4743 		.ascii "__GCC_ATOMIC_SHORT_LOCK_FREE 2\0"
 1044      435F4154 
 1044      4F4D4943 
 1044      5F53484F 
 1044      52545F4C 
 1045 2a73 01       		.byte	0x1
 1046 2a74 00       		.uleb128 0
 1047 2a75 5F5F4743 		.ascii "__GCC_ATOMIC_INT_LOCK_FREE 2\0"
 1047      435F4154 
 1047      4F4D4943 
 1047      5F494E54 
 1047      5F4C4F43 
 1048 2a92 01       		.byte	0x1
 1049 2a93 00       		.uleb128 0
 1050 2a94 5F5F4743 		.ascii "__GCC_ATOMIC_LONG_LOCK_FREE 2\0"
 1050      435F4154 
 1050      4F4D4943 
 1050      5F4C4F4E 
 1050      475F4C4F 
 1051 2ab2 01       		.byte	0x1
 1052 2ab3 00       		.uleb128 0
 1053 2ab4 5F5F4743 		.ascii "__GCC_ATOMIC_LLONG_LOCK_FREE 2\0"
 1053      435F4154 
 1053      4F4D4943 
 1053      5F4C4C4F 
 1053      4E475F4C 
 1054 2ad3 01       		.byte	0x1
 1055 2ad4 00       		.uleb128 0
 1056 2ad5 5F5F4743 		.ascii "__GCC_ATOMIC_TEST_AND_SET_TRUEVAL 1\0"
 1056      435F4154 
 1056      4F4D4943 
 1056      5F544553 
 1056      545F414E 
 1057 2af9 01       		.byte	0x1
 1058 2afa 00       		.uleb128 0
 1059 2afb 5F5F4743 		.ascii "__GCC_DESTRUCTIVE_SIZE 64\0"
 1059      435F4445 
 1059      53545255 
 1059      43544956 
 1059      455F5349 
 1060 2b15 01       		.byte	0x1
 1061 2b16 00       		.uleb128 0
 1062 2b17 5F5F4743 		.ascii "__GCC_CONSTRUCTIVE_SIZE 64\0"
 1062      435F434F 
 1062      4E535452 
 1062      55435449 
 1062      56455F53 
 1063 2b32 01       		.byte	0x1
 1064 2b33 00       		.uleb128 0
 1065 2b34 5F5F4743 		.ascii "__GCC_ATOMIC_POINTER_LOCK_FREE 2\0"
 1065      435F4154 
 1065      4F4D4943 
 1065      5F504F49 
 1065      4E544552 
 1066 2b55 01       		.byte	0x1
 1067 2b56 00       		.uleb128 0
 1068 2b57 5F5F4841 		.ascii "__HAVE_SPECULATION_SAFE_VALUE 1\0"
 1068      56455F53 
 1068      50454355 
 1068      4C415449 
 1068      4F4E5F53 
 1069 2b77 01       		.byte	0x1
 1070 2b78 00       		.uleb128 0
 1071 2b79 5F5F5052 		.ascii "__PRAGMA_REDEFINE_EXTNAME 1\0"
 1071      41474D41 
 1071      5F524544 
 1071      4546494E 
 1071      455F4558 
 1072 2b95 01       		.byte	0x1
 1073 2b96 00       		.uleb128 0
 1074 2b97 5F5F5349 		.ascii "__SIZEOF_INT128__ 16\0"
 1074      5A454F46 
 1074      5F494E54 
 1074      3132385F 
 1074      5F203136 
 1075 2bac 01       		.byte	0x1
 1076 2bad 00       		.uleb128 0
 1077 2bae 5F5F5349 		.ascii "__SIZEOF_WCHAR_T__ 2\0"
 1077      5A454F46 
 1077      5F574348 
 1077      41525F54 
 1077      5F5F2032 
 1078 2bc3 01       		.byte	0x1
 1079 2bc4 00       		.uleb128 0
 1080 2bc5 5F5F5349 		.ascii "__SIZEOF_WINT_T__ 2\0"
 1080      5A454F46 
 1080      5F57494E 
 1080      545F545F 
 1080      5F203200 
 1081 2bd9 01       		.byte	0x1
 1082 2bda 00       		.uleb128 0
 1083 2bdb 5F5F5349 		.ascii "__SIZEOF_PTRDIFF_T__ 8\0"
 1083      5A454F46 
 1083      5F505452 
 1083      44494646 
 1083      5F545F5F 
 1084 2bf2 01       		.byte	0x1
 1085 2bf3 00       		.uleb128 0
 1086 2bf4 5F5F616D 		.ascii "__amd64 1\0"
 1086      64363420 
 1086      3100
 1087 2bfe 01       		.byte	0x1
 1088 2bff 00       		.uleb128 0
 1089 2c00 5F5F616D 		.ascii "__amd64__ 1\0"
 1089      6436345F 
 1089      5F203100 
 1090 2c0c 01       		.byte	0x1
 1091 2c0d 00       		.uleb128 0
 1092 2c0e 5F5F7838 		.ascii "__x86_64 1\0"
 1092      365F3634 
 1092      203100
 1093 2c19 01       		.byte	0x1
 1094 2c1a 00       		.uleb128 0
 1095 2c1b 5F5F7838 		.ascii "__x86_64__ 1\0"
 1095      365F3634 
 1095      5F5F2031 
 1095      00
 1096 2c28 01       		.byte	0x1
 1097 2c29 00       		.uleb128 0
 1098 2c2a 5F5F5349 		.ascii "__SIZEOF_FLOAT80__ 16\0"
 1098      5A454F46 
 1098      5F464C4F 
 1098      41543830 
 1098      5F5F2031 
 1099 2c40 01       		.byte	0x1
 1100 2c41 00       		.uleb128 0
 1101 2c42 5F5F5349 		.ascii "__SIZEOF_FLOAT128__ 16\0"
 1101      5A454F46 
 1101      5F464C4F 
 1101      41543132 
 1101      385F5F20 
 1102 2c59 01       		.byte	0x1
 1103 2c5a 00       		.uleb128 0
 1104 2c5b 5F5F4154 		.ascii "__ATOMIC_HLE_ACQUIRE 65536\0"
 1104      4F4D4943 
 1104      5F484C45 
 1104      5F414351 
 1104      55495245 
 1105 2c76 01       		.byte	0x1
 1106 2c77 00       		.uleb128 0
 1107 2c78 5F5F4154 		.ascii "__ATOMIC_HLE_RELEASE 131072\0"
 1107      4F4D4943 
 1107      5F484C45 
 1107      5F52454C 
 1107      45415345 
 1108 2c94 01       		.byte	0x1
 1109 2c95 00       		.uleb128 0
 1110 2c96 5F5F4743 		.ascii "__GCC_ASM_FLAG_OUTPUTS__ 1\0"
 1110      435F4153 
 1110      4D5F464C 
 1110      41475F4F 
 1110      55545055 
 1111 2cb1 01       		.byte	0x1
 1112 2cb2 00       		.uleb128 0
 1113 2cb3 5F5F6B38 		.ascii "__k8 1\0"
 1113      203100
 1114 2cba 01       		.byte	0x1
 1115 2cbb 00       		.uleb128 0
 1116 2cbc 5F5F6B38 		.ascii "__k8__ 1\0"
 1116      5F5F2031 
 1116      00
 1117 2cc5 01       		.byte	0x1
 1118 2cc6 00       		.uleb128 0
 1119 2cc7 5F5F636F 		.ascii "__code_model_medium__ 1\0"
 1119      64655F6D 
 1119      6F64656C 
 1119      5F6D6564 
 1119      69756D5F 
 1120 2cdf 01       		.byte	0x1
 1121 2ce0 00       		.uleb128 0
 1122 2ce1 5F5F4D4D 		.ascii "__MMX__ 1\0"
 1122      585F5F20 
 1122      3100
 1123 2ceb 01       		.byte	0x1
 1124 2cec 00       		.uleb128 0
 1125 2ced 5F5F5353 		.ascii "__SSE__ 1\0"
 1125      455F5F20 
 1125      3100
 1126 2cf7 01       		.byte	0x1
 1127 2cf8 00       		.uleb128 0
 1128 2cf9 5F5F5353 		.ascii "__SSE2__ 1\0"
 1128      45325F5F 
 1128      203100
 1129 2d04 01       		.byte	0x1
 1130 2d05 00       		.uleb128 0
 1131 2d06 5F5F4658 		.ascii "__FXSR__ 1\0"
 1131      53525F5F 
 1131      203100
 1132 2d11 01       		.byte	0x1
 1133 2d12 00       		.uleb128 0
 1134 2d13 5F5F5353 		.ascii "__SSE_MATH__ 1\0"
 1134      455F4D41 
 1134      54485F5F 
 1134      203100
 1135 2d22 01       		.byte	0x1
 1136 2d23 00       		.uleb128 0
 1137 2d24 5F5F5353 		.ascii "__SSE2_MATH__ 1\0"
 1137      45325F4D 
 1137      4154485F 
 1137      5F203100 
 1138 2d34 01       		.byte	0x1
 1139 2d35 00       		.uleb128 0
 1140 2d36 5F5F4D4D 		.ascii "__MMX_WITH_SSE__ 1\0"
 1140      585F5749 
 1140      54485F53 
 1140      53455F5F 
 1140      203100
 1141 2d49 01       		.byte	0x1
 1142 2d4a 00       		.uleb128 0
 1143 2d4b 5F5F5345 		.ascii "__SEG_FS 1\0"
 1143      475F4653 
 1143      203100
 1144 2d56 01       		.byte	0x1
 1145 2d57 00       		.uleb128 0
 1146 2d58 5F5F5345 		.ascii "__SEG_GS 1\0"
 1146      475F4753 
 1146      203100
 1147 2d63 01       		.byte	0x1
 1148 2d64 00       		.uleb128 0
 1149 2d65 5F5F5345 		.ascii "__SEH__ 1\0"
 1149      485F5F20 
 1149      3100
 1150 2d6f 01       		.byte	0x1
 1151 2d70 00       		.uleb128 0
 1152 2d71 5F5F7374 		.ascii "__stdcall __attribute__((__stdcall__))\0"
 1152      6463616C 
 1152      6C205F5F 
 1152      61747472 
 1152      69627574 
 1153 2d98 01       		.byte	0x1
 1154 2d99 00       		.uleb128 0
 1155 2d9a 5F5F6661 		.ascii "__fastcall __attribute__((__fastcall__))\0"
 1155      73746361 
 1155      6C6C205F 
 1155      5F617474 
 1155      72696275 
 1156 2dc3 01       		.byte	0x1
 1157 2dc4 00       		.uleb128 0
 1158 2dc5 5F5F7468 		.ascii "__thiscall __attribute__((__thiscall__))\0"
 1158      69736361 
 1158      6C6C205F 
 1158      5F617474 
 1158      72696275 
 1159 2dee 01       		.byte	0x1
 1160 2def 00       		.uleb128 0
 1161 2df0 5F5F6364 		.ascii "__cdecl __attribute__((__cdecl__))\0"
 1161      65636C20 
 1161      5F5F6174 
 1161      74726962 
 1161      7574655F 
 1162 2e13 01       		.byte	0x1
 1163 2e14 00       		.uleb128 0
 1164 2e15 5F5F4758 		.ascii "__GXX_MERGED_TYPEINFO_NAMES 0\0"
 1164      585F4D45 
 1164      52474544 
 1164      5F545950 
 1164      45494E46 
 1165 2e33 01       		.byte	0x1
 1166 2e34 00       		.uleb128 0
 1167 2e35 5F5F4758 		.ascii "__GXX_TYPEINFO_EQUALITY_INLINE 0\0"
 1167      585F5459 
 1167      5045494E 
 1167      464F5F45 
 1167      5155414C 
 1168 2e56 01       		.byte	0x1
 1169 2e57 00       		.uleb128 0
 1170 2e58 5F5F4D53 		.ascii "__MSVCRT__ 1\0"
 1170      56435254 
 1170      5F5F2031 
 1170      00
 1171 2e65 01       		.byte	0x1
 1172 2e66 00       		.uleb128 0
 1173 2e67 5F5F4D49 		.ascii "__MINGW32__ 1\0"
 1173      4E475733 
 1173      325F5F20 
 1173      3100
 1174 2e75 01       		.byte	0x1
 1175 2e76 00       		.uleb128 0
 1176 2e77 5F57494E 		.ascii "_WIN32 1\0"
 1176      33322031 
 1176      00
 1177 2e80 01       		.byte	0x1
 1178 2e81 00       		.uleb128 0
 1179 2e82 5F5F5749 		.ascii "__WIN32 1\0"
 1179      4E333220 
 1179      3100
 1180 2e8c 01       		.byte	0x1
 1181 2e8d 00       		.uleb128 0
 1182 2e8e 5F5F5749 		.ascii "__WIN32__ 1\0"
 1182      4E33325F 
 1182      5F203100 
 1183 2e9a 01       		.byte	0x1
 1184 2e9b 00       		.uleb128 0
 1185 2e9c 5F5F5749 		.ascii "__WINNT 1\0"
 1185      4E4E5420 
 1185      3100
 1186 2ea6 01       		.byte	0x1
 1187 2ea7 00       		.uleb128 0
 1188 2ea8 5F5F5749 		.ascii "__WINNT__ 1\0"
 1188      4E4E545F 
 1188      5F203100 
 1189 2eb4 01       		.byte	0x1
 1190 2eb5 00       		.uleb128 0
 1191 2eb6 5F494E54 		.ascii "_INTEGRAL_MAX_BITS 64\0"
 1191      45475241 
 1191      4C5F4D41 
 1191      585F4249 
 1191      54532036 
 1192 2ecc 01       		.byte	0x1
 1193 2ecd 00       		.uleb128 0
 1194 2ece 5F5F4D49 		.ascii "__MINGW64__ 1\0"
 1194      4E475736 
 1194      345F5F20 
 1194      3100
 1195 2edc 01       		.byte	0x1
 1196 2edd 00       		.uleb128 0
 1197 2ede 5F5F5749 		.ascii "__WIN64 1\0"
 1197      4E363420 
 1197      3100
 1198 2ee8 01       		.byte	0x1
 1199 2ee9 00       		.uleb128 0
 1200 2eea 5F5F5749 		.ascii "__WIN64__ 1\0"
 1200      4E36345F 
 1200      5F203100 
 1201 2ef6 01       		.byte	0x1
 1202 2ef7 00       		.uleb128 0
 1203 2ef8 5F57494E 		.ascii "_WIN64 1\0"
 1203      36342031 
 1203      00
 1204 2f01 01       		.byte	0x1
 1205 2f02 00       		.uleb128 0
 1206 2f03 5F5F6465 		.ascii "__declspec(x) __attribute__((x))\0"
 1206      636C7370 
 1206      65632878 
 1206      29205F5F 
 1206      61747472 
 1207 2f24 01       		.byte	0x1
 1208 2f25 00       		.uleb128 0
 1209 2f26 5F5F4445 		.ascii "__DECIMAL_BID_FORMAT__ 1\0"
 1209      43494D41 
 1209      4C5F4249 
 1209      445F464F 
 1209      524D4154 
 1210 2f3f 01       		.byte	0x1
 1211 2f40 00       		.uleb128 0
 1212 2f41 5F524545 		.ascii "_REENTRANT 1\0"
 1212      4E545241 
 1212      4E542031 
 1212      00
 1213 2f4e 01       		.byte	0x1
 1214 2f4f 00       		.uleb128 0
 1215 2f50 474E555F 		.ascii "GNU_EFI_USE_MS_ABI 1\0"
 1215      4546495F 
 1215      5553455F 
 1215      4D535F41 
 1215      42492031 
 1216              		.file 1 "D:/3dos/bin/gnu-efi-3.0.6/lib/x86_64/callwrap.c"
 1217 2f65 03       		.byte	0x3
 1218 2f66 00       		.uleb128 0
 1219 2f67 01       		.uleb128 0x1
 1220 2f68 04       		.byte	0x4
 1221 2f69 00       		.byte	0
 1222              		.section	.debug_line,"dr"
 1223              	.Ldebug_line0:
 1224 0000 36000000 		.section	.debug_str,"dr"
 1224      05000800 
 1224      2E000000 
 1224      010101FB 
 1224      0E0D0001 
 1225              		.section	.debug_line_str,"dr"
 1226              	.LASF1:
 1227 0000 443A5C33 		.ascii "D:\\3dos\\bin\0"
 1227      646F735C 
 1227      62696E00 
 1228              	.LASF0:
 1229 000c 443A5C33 		.ascii "D:\\3dos\\bin\\gnu-efi-3.0.6\\lib\\x86_64\\callwrap.c\0"
 1229      646F735C 
 1229      62696E5C 
 1229      676E752D 
 1229      6566692D 
 1230 003c 443A2F33 		.ident	"GCC: (Rev3, Built by MSYS2 project) 12.1.0"
 1230      646F732F 
 1230      62696E00 
 1230      443A2F33 
 1230      646F732F 
